Copyright 1986-2019 Xilinx, Inc. All Rights Reserved.
------------------------------------------------------------------------------------
| Tool Version : Vivado v.2019.1 (win64) Build 2552052 Fri May 24 14:49:42 MDT 2019
| Date         : Thu Oct 24 15:56:28 2024
| Host         : AK-HWD-0095 running 64-bit major release  (build 9200)
| Command      : report_control_sets -verbose -file top_control_sets_placed.rpt
| Design       : top
| Device       : xc7a35t
------------------------------------------------------------------------------------

Control Set Information

Table of Contents
-----------------
1. Summary
2. Histogram
3. Flip-Flop Distribution
4. Detailed Control Set Information

1. Summary
----------

+----------------------------------------------------------+-------+
|                          Status                          | Count |
+----------------------------------------------------------+-------+
| Total control sets                                       |     8 |
|    Minimum number of control sets                        |     8 |
|    Addition due to synthesis replication                 |     0 |
|    Addition due to physical synthesis replication        |     0 |
| Unused register locations in slices containing registers |    18 |
+----------------------------------------------------------+-------+
* Control sets can be merged at opt_design using control_set_merge or merge_equivalent_drivers
** Run report_qor_suggestions for automated merging and remapping suggestions


2. Histogram
------------

+--------------------+-------+
|       Fanout       | Count |
+--------------------+-------+
| Total control sets |     8 |
| >= 0 to < 4        |     0 |
| >= 4 to < 6        |     2 |
| >= 6 to < 8        |     2 |
| >= 8 to < 10       |     1 |
| >= 10 to < 12      |     0 |
| >= 12 to < 14      |     0 |
| >= 14 to < 16      |     0 |
| >= 16              |     3 |
+--------------------+-------+
* Control sets can be remapped at either synth_design or opt_design


3. Flip-Flop Distribution
-------------------------

+--------------+-----------------------+------------------------+-----------------+--------------+
| Clock Enable | Synchronous Set/Reset | Asynchronous Set/Reset | Total Registers | Total Slices |
+--------------+-----------------------+------------------------+-----------------+--------------+
| No           | No                    | No                     |              17 |            8 |
| No           | No                    | Yes                    |               7 |            4 |
| No           | Yes                   | No                     |               0 |            0 |
| Yes          | No                    | No                     |              22 |            7 |
| Yes          | No                    | Yes                    |              64 |           10 |
| Yes          | Yes                   | No                     |               0 |            0 |
+--------------+-----------------------+------------------------+-----------------+--------------+


4. Detailed Control Set Information
-----------------------------------

+---------------------+--------------------------------+------------------+------------------+----------------+
|     Clock Signal    |          Enable Signal         | Set/Reset Signal | Slice Load Count | Bel Load Count |
+---------------------+--------------------------------+------------------+------------------+----------------+
|  clock_in_IBUF_BUFG | uut2/memory_address[3]_i_1_n_0 |                  |                1 |              4 |
|  clock_in_IBUF_BUFG | uut2/p_0_in                    |                  |                1 |              4 |
|  clock_in_IBUF_BUFG | uut2/tx_start0                 |                  |                3 |              6 |
|  clock_in_IBUF_BUFG |                                | reset_in_IBUF    |                4 |              7 |
|  clock_in_IBUF_BUFG | uut/tx_shift_reg0              |                  |                2 |              8 |
|  clock_in_IBUF_BUFG |                                |                  |                8 |             17 |
|  clock_in_IBUF_BUFG | uut/bit_index_0                | reset_in_IBUF    |                5 |             32 |
|  clock_in_IBUF_BUFG | uut/clk_count                  | reset_in_IBUF    |                5 |             32 |
+---------------------+--------------------------------+------------------+------------------+----------------+


