Vivado Simulator 2019.1
Copyright 1986-1999, 2001-2019 Xilinx, Inc. All Rights Reserved.
Running: D:/Vivado/Vivado/2019.1/bin/unwrapped/win64.o/xelab.exe -wto 961b3337f70c4bf4a9df4ea3d199cbb8 --incr --debug typical --relax --mt 2 -L xil_defaultlib -L secureip --snapshot tb_top_behav xil_defaultlib.tb_top -log elaborate.log 
Using 2 slave threads.
Starting static elaboration
Completed static elaboration
Starting simulation data flow analysis
Completed simulation data flow analysis
Time Resolution for simulation is 1ps
Compiling package std.standard
Compiling package std.textio
Compiling package ieee.std_logic_1164
Compiling package ieee.numeric_std
Compiling package ieee.std_logic_arith
Compiling package ieee.std_logic_unsigned
Compiling architecture behavioral of entity xil_defaultlib.Edge_Detector [edge_detector_default]
Compiling architecture behavioral of entity xil_defaultlib.Control [control_default]
Compiling architecture behavioral of entity xil_defaultlib.clock_divider [clock_divider_default]
Compiling architecture behavioral of entity xil_defaultlib.onetosix_counter [onetosix_counter_default]
Compiling architecture behavioral of entity xil_defaultlib.clock_divider2 [clock_divider2_default]
Compiling architecture behavioral of entity xil_defaultlib.Adder [adder_default]
Compiling architecture behavioral of entity xil_defaultlib.point_register [point_register_default]
Compiling architecture behavioral of entity xil_defaultlib.comparator [comparator_default]
Compiling architecture behavioral of entity xil_defaultlib.Test_Logic [test_logic_default]
Compiling architecture behavioral of entity xil_defaultlib.bcdto7seg [bcdto7seg_default]
Compiling architecture behavioral of entity xil_defaultlib.top [top_default]
Compiling architecture behavioral of entity xil_defaultlib.tb_top
Built simulation snapshot tb_top_behav
