
*** Running vivado
    with args -log Zynq_Interconnect_wrapper.vdi -applog -m64 -product Vivado -messageDb vivado.pb -mode batch -source Zynq_Interconnect_wrapper.tcl -notrace


****** Vivado v2019.1 (64-bit)
  **** SW Build 2552052 on Fri May 24 14:49:42 MDT 2019
  **** IP Build 2548770 on Fri May 24 18:01:18 MDT 2019
    ** Copyright 1986-2019 Xilinx, Inc. All Rights Reserved.

source Zynq_Interconnect_wrapper.tcl -notrace
INFO: [IP_Flow 19-234] Refreshing IP repositories
INFO: [IP_Flow 19-1704] No user IP repositories specified
INFO: [IP_Flow 19-2313] Loaded Vivado IP repository 'D:/Vivado/Vivado/2019.1/data/ip'.
Command: link_design -top Zynq_Interconnect_wrapper -part xc7z020clg400-2
Design is defaulting to srcset: sources_1
Design is defaulting to constrset: constrs_1
INFO: [Device 21-403] Loading part xc7z020clg400-2
INFO: [Project 1-454] Reading design checkpoint 'd:/Extra_Projects/Zynq/Zynq_Basic_Task/Zynq_Basic_Task.srcs/sources_1/bd/Zynq_Interconnect/ip/Zynq_Interconnect_axi_gpio_0_0/Zynq_Interconnect_axi_gpio_0_0.dcp' for cell 'Zynq_Interconnect_i/axi_gpio_0'
INFO: [Project 1-454] Reading design checkpoint 'd:/Extra_Projects/Zynq/Zynq_Basic_Task/Zynq_Basic_Task.srcs/sources_1/bd/Zynq_Interconnect/ip/Zynq_Interconnect_axi_gpio_0_1/Zynq_Interconnect_axi_gpio_0_1.dcp' for cell 'Zynq_Interconnect_i/axi_gpio_1'
INFO: [Project 1-454] Reading design checkpoint 'd:/Extra_Projects/Zynq/Zynq_Basic_Task/Zynq_Basic_Task.srcs/sources_1/bd/Zynq_Interconnect/ip/Zynq_Interconnect_processing_system7_0_0/Zynq_Interconnect_processing_system7_0_0.dcp' for cell 'Zynq_Interconnect_i/processing_system7_0'
INFO: [Project 1-454] Reading design checkpoint 'd:/Extra_Projects/Zynq/Zynq_Basic_Task/Zynq_Basic_Task.srcs/sources_1/bd/Zynq_Interconnect/ip/Zynq_Interconnect_rst_ps7_0_50M_0/Zynq_Interconnect_rst_ps7_0_50M_0.dcp' for cell 'Zynq_Interconnect_i/rst_ps7_0_50M'
INFO: [Project 1-454] Reading design checkpoint 'd:/Extra_Projects/Zynq/Zynq_Basic_Task/Zynq_Basic_Task.srcs/sources_1/bd/Zynq_Interconnect/ip/Zynq_Interconnect_util_vector_logic_0_0/Zynq_Interconnect_util_vector_logic_0_0.dcp' for cell 'Zynq_Interconnect_i/util_vector_logic_0'
INFO: [Project 1-454] Reading design checkpoint 'd:/Extra_Projects/Zynq/Zynq_Basic_Task/Zynq_Basic_Task.srcs/sources_1/bd/Zynq_Interconnect/ip/Zynq_Interconnect_xbar_0/Zynq_Interconnect_xbar_0.dcp' for cell 'Zynq_Interconnect_i/ps7_0_axi_periph/xbar'
INFO: [Project 1-454] Reading design checkpoint 'd:/Extra_Projects/Zynq/Zynq_Basic_Task/Zynq_Basic_Task.srcs/sources_1/bd/Zynq_Interconnect/ip/Zynq_Interconnect_auto_pc_0/Zynq_Interconnect_auto_pc_0.dcp' for cell 'Zynq_Interconnect_i/ps7_0_axi_periph/s00_couplers/auto_pc'
INFO: [Project 1-454] Reading design checkpoint 'd:/Extra_Projects/Zynq/Zynq_Basic_Task/Zynq_Basic_Task.srcs/sources_1/bd/Zynq_Interconnect/ip/Zynq_Interconnect_auto_pc_1/Zynq_Interconnect_auto_pc_1.dcp' for cell 'Zynq_Interconnect_i/ps7_0_axi_periph/s01_couplers/auto_pc'
INFO: [Netlist 29-17] Analyzing 36 Unisim elements for replacement
INFO: [Netlist 29-28] Unisim Transformation completed in 0 CPU seconds
INFO: [Project 1-479] Netlist was created with Vivado 2019.1
INFO: [Project 1-570] Preparing netlist for logic optimization
Parsing XDC File [d:/Extra_Projects/Zynq/Zynq_Basic_Task/Zynq_Basic_Task.srcs/sources_1/bd/Zynq_Interconnect/ip/Zynq_Interconnect_processing_system7_0_0/Zynq_Interconnect_processing_system7_0_0.xdc] for cell 'Zynq_Interconnect_i/processing_system7_0/inst'
Finished Parsing XDC File [d:/Extra_Projects/Zynq/Zynq_Basic_Task/Zynq_Basic_Task.srcs/sources_1/bd/Zynq_Interconnect/ip/Zynq_Interconnect_processing_system7_0_0/Zynq_Interconnect_processing_system7_0_0.xdc] for cell 'Zynq_Interconnect_i/processing_system7_0/inst'
Parsing XDC File [d:/Extra_Projects/Zynq/Zynq_Basic_Task/Zynq_Basic_Task.srcs/sources_1/bd/Zynq_Interconnect/ip/Zynq_Interconnect_axi_gpio_0_0/Zynq_Interconnect_axi_gpio_0_0_board.xdc] for cell 'Zynq_Interconnect_i/axi_gpio_0/U0'
Finished Parsing XDC File [d:/Extra_Projects/Zynq/Zynq_Basic_Task/Zynq_Basic_Task.srcs/sources_1/bd/Zynq_Interconnect/ip/Zynq_Interconnect_axi_gpio_0_0/Zynq_Interconnect_axi_gpio_0_0_board.xdc] for cell 'Zynq_Interconnect_i/axi_gpio_0/U0'
Parsing XDC File [d:/Extra_Projects/Zynq/Zynq_Basic_Task/Zynq_Basic_Task.srcs/sources_1/bd/Zynq_Interconnect/ip/Zynq_Interconnect_axi_gpio_0_0/Zynq_Interconnect_axi_gpio_0_0.xdc] for cell 'Zynq_Interconnect_i/axi_gpio_0/U0'
Finished Parsing XDC File [d:/Extra_Projects/Zynq/Zynq_Basic_Task/Zynq_Basic_Task.srcs/sources_1/bd/Zynq_Interconnect/ip/Zynq_Interconnect_axi_gpio_0_0/Zynq_Interconnect_axi_gpio_0_0.xdc] for cell 'Zynq_Interconnect_i/axi_gpio_0/U0'
Parsing XDC File [d:/Extra_Projects/Zynq/Zynq_Basic_Task/Zynq_Basic_Task.srcs/sources_1/bd/Zynq_Interconnect/ip/Zynq_Interconnect_axi_gpio_0_1/Zynq_Interconnect_axi_gpio_0_1_board.xdc] for cell 'Zynq_Interconnect_i/axi_gpio_1/U0'
Finished Parsing XDC File [d:/Extra_Projects/Zynq/Zynq_Basic_Task/Zynq_Basic_Task.srcs/sources_1/bd/Zynq_Interconnect/ip/Zynq_Interconnect_axi_gpio_0_1/Zynq_Interconnect_axi_gpio_0_1_board.xdc] for cell 'Zynq_Interconnect_i/axi_gpio_1/U0'
Parsing XDC File [d:/Extra_Projects/Zynq/Zynq_Basic_Task/Zynq_Basic_Task.srcs/sources_1/bd/Zynq_Interconnect/ip/Zynq_Interconnect_axi_gpio_0_1/Zynq_Interconnect_axi_gpio_0_1.xdc] for cell 'Zynq_Interconnect_i/axi_gpio_1/U0'
Finished Parsing XDC File [d:/Extra_Projects/Zynq/Zynq_Basic_Task/Zynq_Basic_Task.srcs/sources_1/bd/Zynq_Interconnect/ip/Zynq_Interconnect_axi_gpio_0_1/Zynq_Interconnect_axi_gpio_0_1.xdc] for cell 'Zynq_Interconnect_i/axi_gpio_1/U0'
Parsing XDC File [d:/Extra_Projects/Zynq/Zynq_Basic_Task/Zynq_Basic_Task.srcs/sources_1/bd/Zynq_Interconnect/ip/Zynq_Interconnect_rst_ps7_0_50M_0/Zynq_Interconnect_rst_ps7_0_50M_0_board.xdc] for cell 'Zynq_Interconnect_i/rst_ps7_0_50M/U0'
Finished Parsing XDC File [d:/Extra_Projects/Zynq/Zynq_Basic_Task/Zynq_Basic_Task.srcs/sources_1/bd/Zynq_Interconnect/ip/Zynq_Interconnect_rst_ps7_0_50M_0/Zynq_Interconnect_rst_ps7_0_50M_0_board.xdc] for cell 'Zynq_Interconnect_i/rst_ps7_0_50M/U0'
Parsing XDC File [d:/Extra_Projects/Zynq/Zynq_Basic_Task/Zynq_Basic_Task.srcs/sources_1/bd/Zynq_Interconnect/ip/Zynq_Interconnect_rst_ps7_0_50M_0/Zynq_Interconnect_rst_ps7_0_50M_0.xdc] for cell 'Zynq_Interconnect_i/rst_ps7_0_50M/U0'
Finished Parsing XDC File [d:/Extra_Projects/Zynq/Zynq_Basic_Task/Zynq_Basic_Task.srcs/sources_1/bd/Zynq_Interconnect/ip/Zynq_Interconnect_rst_ps7_0_50M_0/Zynq_Interconnect_rst_ps7_0_50M_0.xdc] for cell 'Zynq_Interconnect_i/rst_ps7_0_50M/U0'
Parsing XDC File [D:/Extra_Projects/Zynq/Zynq_Basic_Task/Zynq_Basic_Task.srcs/constrs_1/new/zynq7020.xdc]
CRITICAL WARNING: [Vivado 12-1411] Cannot set LOC property of ports, Site location is not valid [D:/Extra_Projects/Zynq/Zynq_Basic_Task/Zynq_Basic_Task.srcs/constrs_1/new/zynq7020.xdc:3]
WARNING: [Vivado 12-584] No ports matched 'DDR_WEB'. [D:/Extra_Projects/Zynq/Zynq_Basic_Task/Zynq_Basic_Task.srcs/constrs_1/new/zynq7020.xdc:88]
CRITICAL WARNING: [Common 17-55] 'set_property' expects at least one object. [D:/Extra_Projects/Zynq/Zynq_Basic_Task/Zynq_Basic_Task.srcs/constrs_1/new/zynq7020.xdc:88]
Resolution: If [get_<value>] was used to populate the object, check to make sure this command returns at least one valid object.
WARNING: [Vivado 12-584] No ports matched 'DDR_WEB'. [D:/Extra_Projects/Zynq/Zynq_Basic_Task/Zynq_Basic_Task.srcs/constrs_1/new/zynq7020.xdc:89]
CRITICAL WARNING: [Common 17-55] 'set_property' expects at least one object. [D:/Extra_Projects/Zynq/Zynq_Basic_Task/Zynq_Basic_Task.srcs/constrs_1/new/zynq7020.xdc:89]
Resolution: If [get_<value>] was used to populate the object, check to make sure this command returns at least one valid object.
WARNING: [Vivado 12-584] No ports matched 'DDR_WEB'. [D:/Extra_Projects/Zynq/Zynq_Basic_Task/Zynq_Basic_Task.srcs/constrs_1/new/zynq7020.xdc:90]
CRITICAL WARNING: [Common 17-55] 'set_property' expects at least one object. [D:/Extra_Projects/Zynq/Zynq_Basic_Task/Zynq_Basic_Task.srcs/constrs_1/new/zynq7020.xdc:90]
Resolution: If [get_<value>] was used to populate the object, check to make sure this command returns at least one valid object.
WARNING: [Vivado 12-584] No ports matched 'DDR_WEB'. [D:/Extra_Projects/Zynq/Zynq_Basic_Task/Zynq_Basic_Task.srcs/constrs_1/new/zynq7020.xdc:91]
CRITICAL WARNING: [Common 17-55] 'set_property' expects at least one object. [D:/Extra_Projects/Zynq/Zynq_Basic_Task/Zynq_Basic_Task.srcs/constrs_1/new/zynq7020.xdc:91]
Resolution: If [get_<value>] was used to populate the object, check to make sure this command returns at least one valid object.
WARNING: [Vivado 12-584] No ports matched 'DDR_RAS_n'. [D:/Extra_Projects/Zynq/Zynq_Basic_Task/Zynq_Basic_Task.srcs/constrs_1/new/zynq7020.xdc:92]
CRITICAL WARNING: [Common 17-55] 'set_property' expects at least one object. [D:/Extra_Projects/Zynq/Zynq_Basic_Task/Zynq_Basic_Task.srcs/constrs_1/new/zynq7020.xdc:92]
Resolution: If [get_<value>] was used to populate the object, check to make sure this command returns at least one valid object.
WARNING: [Vivado 12-584] No ports matched 'DDR_RAS_n'. [D:/Extra_Projects/Zynq/Zynq_Basic_Task/Zynq_Basic_Task.srcs/constrs_1/new/zynq7020.xdc:93]
CRITICAL WARNING: [Common 17-55] 'set_property' expects at least one object. [D:/Extra_Projects/Zynq/Zynq_Basic_Task/Zynq_Basic_Task.srcs/constrs_1/new/zynq7020.xdc:93]
Resolution: If [get_<value>] was used to populate the object, check to make sure this command returns at least one valid object.
WARNING: [Vivado 12-584] No ports matched 'DDR_RAS_n'. [D:/Extra_Projects/Zynq/Zynq_Basic_Task/Zynq_Basic_Task.srcs/constrs_1/new/zynq7020.xdc:94]
CRITICAL WARNING: [Common 17-55] 'set_property' expects at least one object. [D:/Extra_Projects/Zynq/Zynq_Basic_Task/Zynq_Basic_Task.srcs/constrs_1/new/zynq7020.xdc:94]
Resolution: If [get_<value>] was used to populate the object, check to make sure this command returns at least one valid object.
WARNING: [Vivado 12-584] No ports matched 'DDR_RAS_n'. [D:/Extra_Projects/Zynq/Zynq_Basic_Task/Zynq_Basic_Task.srcs/constrs_1/new/zynq7020.xdc:95]
CRITICAL WARNING: [Common 17-55] 'set_property' expects at least one object. [D:/Extra_Projects/Zynq/Zynq_Basic_Task/Zynq_Basic_Task.srcs/constrs_1/new/zynq7020.xdc:95]
Resolution: If [get_<value>] was used to populate the object, check to make sure this command returns at least one valid object.
WARNING: [Vivado 12-584] No ports matched 'DDR_ODT'. [D:/Extra_Projects/Zynq/Zynq_Basic_Task/Zynq_Basic_Task.srcs/constrs_1/new/zynq7020.xdc:96]
CRITICAL WARNING: [Common 17-55] 'set_property' expects at least one object. [D:/Extra_Projects/Zynq/Zynq_Basic_Task/Zynq_Basic_Task.srcs/constrs_1/new/zynq7020.xdc:96]
Resolution: If [get_<value>] was used to populate the object, check to make sure this command returns at least one valid object.
WARNING: [Vivado 12-584] No ports matched 'DDR_ODT'. [D:/Extra_Projects/Zynq/Zynq_Basic_Task/Zynq_Basic_Task.srcs/constrs_1/new/zynq7020.xdc:97]
CRITICAL WARNING: [Common 17-55] 'set_property' expects at least one object. [D:/Extra_Projects/Zynq/Zynq_Basic_Task/Zynq_Basic_Task.srcs/constrs_1/new/zynq7020.xdc:97]
Resolution: If [get_<value>] was used to populate the object, check to make sure this command returns at least one valid object.
WARNING: [Vivado 12-584] No ports matched 'DDR_ODT'. [D:/Extra_Projects/Zynq/Zynq_Basic_Task/Zynq_Basic_Task.srcs/constrs_1/new/zynq7020.xdc:98]
CRITICAL WARNING: [Common 17-55] 'set_property' expects at least one object. [D:/Extra_Projects/Zynq/Zynq_Basic_Task/Zynq_Basic_Task.srcs/constrs_1/new/zynq7020.xdc:98]
Resolution: If [get_<value>] was used to populate the object, check to make sure this command returns at least one valid object.
WARNING: [Vivado 12-584] No ports matched 'DDR_ODT'. [D:/Extra_Projects/Zynq/Zynq_Basic_Task/Zynq_Basic_Task.srcs/constrs_1/new/zynq7020.xdc:99]
CRITICAL WARNING: [Common 17-55] 'set_property' expects at least one object. [D:/Extra_Projects/Zynq/Zynq_Basic_Task/Zynq_Basic_Task.srcs/constrs_1/new/zynq7020.xdc:99]
Resolution: If [get_<value>] was used to populate the object, check to make sure this command returns at least one valid object.
WARNING: [Vivado 12-584] No ports matched 'DDR_DRSTB'. [D:/Extra_Projects/Zynq/Zynq_Basic_Task/Zynq_Basic_Task.srcs/constrs_1/new/zynq7020.xdc:100]
CRITICAL WARNING: [Common 17-55] 'set_property' expects at least one object. [D:/Extra_Projects/Zynq/Zynq_Basic_Task/Zynq_Basic_Task.srcs/constrs_1/new/zynq7020.xdc:100]
Resolution: If [get_<value>] was used to populate the object, check to make sure this command returns at least one valid object.
WARNING: [Vivado 12-584] No ports matched 'DDR_DRSTB'. [D:/Extra_Projects/Zynq/Zynq_Basic_Task/Zynq_Basic_Task.srcs/constrs_1/new/zynq7020.xdc:101]
CRITICAL WARNING: [Common 17-55] 'set_property' expects at least one object. [D:/Extra_Projects/Zynq/Zynq_Basic_Task/Zynq_Basic_Task.srcs/constrs_1/new/zynq7020.xdc:101]
Resolution: If [get_<value>] was used to populate the object, check to make sure this command returns at least one valid object.
WARNING: [Vivado 12-584] No ports matched 'DDR_DRSTB'. [D:/Extra_Projects/Zynq/Zynq_Basic_Task/Zynq_Basic_Task.srcs/constrs_1/new/zynq7020.xdc:102]
CRITICAL WARNING: [Common 17-55] 'set_property' expects at least one object. [D:/Extra_Projects/Zynq/Zynq_Basic_Task/Zynq_Basic_Task.srcs/constrs_1/new/zynq7020.xdc:102]
Resolution: If [get_<value>] was used to populate the object, check to make sure this command returns at least one valid object.
WARNING: [Vivado 12-584] No ports matched 'DDR_DRSTB'. [D:/Extra_Projects/Zynq/Zynq_Basic_Task/Zynq_Basic_Task.srcs/constrs_1/new/zynq7020.xdc:103]
CRITICAL WARNING: [Common 17-55] 'set_property' expects at least one object. [D:/Extra_Projects/Zynq/Zynq_Basic_Task/Zynq_Basic_Task.srcs/constrs_1/new/zynq7020.xdc:103]
Resolution: If [get_<value>] was used to populate the object, check to make sure this command returns at least one valid object.
WARNING: [Vivado 12-584] No ports matched 'DDR_DQS_p[3]'. [D:/Extra_Projects/Zynq/Zynq_Basic_Task/Zynq_Basic_Task.srcs/constrs_1/new/zynq7020.xdc:104]
CRITICAL WARNING: [Common 17-55] 'set_property' expects at least one object. [D:/Extra_Projects/Zynq/Zynq_Basic_Task/Zynq_Basic_Task.srcs/constrs_1/new/zynq7020.xdc:104]
Resolution: If [get_<value>] was used to populate the object, check to make sure this command returns at least one valid object.
WARNING: [Vivado 12-584] No ports matched 'DDR_DQS_p[3]'. [D:/Extra_Projects/Zynq/Zynq_Basic_Task/Zynq_Basic_Task.srcs/constrs_1/new/zynq7020.xdc:105]
CRITICAL WARNING: [Common 17-55] 'set_property' expects at least one object. [D:/Extra_Projects/Zynq/Zynq_Basic_Task/Zynq_Basic_Task.srcs/constrs_1/new/zynq7020.xdc:105]
Resolution: If [get_<value>] was used to populate the object, check to make sure this command returns at least one valid object.
WARNING: [Vivado 12-584] No ports matched 'DDR_DQS_p[3]'. [D:/Extra_Projects/Zynq/Zynq_Basic_Task/Zynq_Basic_Task.srcs/constrs_1/new/zynq7020.xdc:106]
CRITICAL WARNING: [Common 17-55] 'set_property' expects at least one object. [D:/Extra_Projects/Zynq/Zynq_Basic_Task/Zynq_Basic_Task.srcs/constrs_1/new/zynq7020.xdc:106]
Resolution: If [get_<value>] was used to populate the object, check to make sure this command returns at least one valid object.
WARNING: [Vivado 12-584] No ports matched 'DDR_DQS_p[3]'. [D:/Extra_Projects/Zynq/Zynq_Basic_Task/Zynq_Basic_Task.srcs/constrs_1/new/zynq7020.xdc:107]
CRITICAL WARNING: [Common 17-55] 'set_property' expects at least one object. [D:/Extra_Projects/Zynq/Zynq_Basic_Task/Zynq_Basic_Task.srcs/constrs_1/new/zynq7020.xdc:107]
Resolution: If [get_<value>] was used to populate the object, check to make sure this command returns at least one valid object.
WARNING: [Vivado 12-584] No ports matched 'DDR_DQS_p[2]'. [D:/Extra_Projects/Zynq/Zynq_Basic_Task/Zynq_Basic_Task.srcs/constrs_1/new/zynq7020.xdc:108]
CRITICAL WARNING: [Common 17-55] 'set_property' expects at least one object. [D:/Extra_Projects/Zynq/Zynq_Basic_Task/Zynq_Basic_Task.srcs/constrs_1/new/zynq7020.xdc:108]
Resolution: If [get_<value>] was used to populate the object, check to make sure this command returns at least one valid object.
WARNING: [Vivado 12-584] No ports matched 'DDR_DQS_p[2]'. [D:/Extra_Projects/Zynq/Zynq_Basic_Task/Zynq_Basic_Task.srcs/constrs_1/new/zynq7020.xdc:109]
CRITICAL WARNING: [Common 17-55] 'set_property' expects at least one object. [D:/Extra_Projects/Zynq/Zynq_Basic_Task/Zynq_Basic_Task.srcs/constrs_1/new/zynq7020.xdc:109]
Resolution: If [get_<value>] was used to populate the object, check to make sure this command returns at least one valid object.
WARNING: [Vivado 12-584] No ports matched 'DDR_DQS_p[2]'. [D:/Extra_Projects/Zynq/Zynq_Basic_Task/Zynq_Basic_Task.srcs/constrs_1/new/zynq7020.xdc:110]
CRITICAL WARNING: [Common 17-55] 'set_property' expects at least one object. [D:/Extra_Projects/Zynq/Zynq_Basic_Task/Zynq_Basic_Task.srcs/constrs_1/new/zynq7020.xdc:110]
Resolution: If [get_<value>] was used to populate the object, check to make sure this command returns at least one valid object.
WARNING: [Vivado 12-584] No ports matched 'DDR_DQS_p[2]'. [D:/Extra_Projects/Zynq/Zynq_Basic_Task/Zynq_Basic_Task.srcs/constrs_1/new/zynq7020.xdc:111]
CRITICAL WARNING: [Common 17-55] 'set_property' expects at least one object. [D:/Extra_Projects/Zynq/Zynq_Basic_Task/Zynq_Basic_Task.srcs/constrs_1/new/zynq7020.xdc:111]
Resolution: If [get_<value>] was used to populate the object, check to make sure this command returns at least one valid object.
WARNING: [Vivado 12-584] No ports matched 'DDR_DQS_p[1]'. [D:/Extra_Projects/Zynq/Zynq_Basic_Task/Zynq_Basic_Task.srcs/constrs_1/new/zynq7020.xdc:112]
CRITICAL WARNING: [Common 17-55] 'set_property' expects at least one object. [D:/Extra_Projects/Zynq/Zynq_Basic_Task/Zynq_Basic_Task.srcs/constrs_1/new/zynq7020.xdc:112]
Resolution: If [get_<value>] was used to populate the object, check to make sure this command returns at least one valid object.
WARNING: [Vivado 12-584] No ports matched 'DDR_DQS_p[1]'. [D:/Extra_Projects/Zynq/Zynq_Basic_Task/Zynq_Basic_Task.srcs/constrs_1/new/zynq7020.xdc:113]
CRITICAL WARNING: [Common 17-55] 'set_property' expects at least one object. [D:/Extra_Projects/Zynq/Zynq_Basic_Task/Zynq_Basic_Task.srcs/constrs_1/new/zynq7020.xdc:113]
Resolution: If [get_<value>] was used to populate the object, check to make sure this command returns at least one valid object.
WARNING: [Vivado 12-584] No ports matched 'DDR_DQS_p[1]'. [D:/Extra_Projects/Zynq/Zynq_Basic_Task/Zynq_Basic_Task.srcs/constrs_1/new/zynq7020.xdc:114]
CRITICAL WARNING: [Common 17-55] 'set_property' expects at least one object. [D:/Extra_Projects/Zynq/Zynq_Basic_Task/Zynq_Basic_Task.srcs/constrs_1/new/zynq7020.xdc:114]
Resolution: If [get_<value>] was used to populate the object, check to make sure this command returns at least one valid object.
WARNING: [Vivado 12-584] No ports matched 'DDR_DQS_p[1]'. [D:/Extra_Projects/Zynq/Zynq_Basic_Task/Zynq_Basic_Task.srcs/constrs_1/new/zynq7020.xdc:115]
CRITICAL WARNING: [Common 17-55] 'set_property' expects at least one object. [D:/Extra_Projects/Zynq/Zynq_Basic_Task/Zynq_Basic_Task.srcs/constrs_1/new/zynq7020.xdc:115]
Resolution: If [get_<value>] was used to populate the object, check to make sure this command returns at least one valid object.
WARNING: [Vivado 12-584] No ports matched 'DDR_DQS_p[0]'. [D:/Extra_Projects/Zynq/Zynq_Basic_Task/Zynq_Basic_Task.srcs/constrs_1/new/zynq7020.xdc:116]
CRITICAL WARNING: [Common 17-55] 'set_property' expects at least one object. [D:/Extra_Projects/Zynq/Zynq_Basic_Task/Zynq_Basic_Task.srcs/constrs_1/new/zynq7020.xdc:116]
Resolution: If [get_<value>] was used to populate the object, check to make sure this command returns at least one valid object.
WARNING: [Vivado 12-584] No ports matched 'DDR_DQS_p[0]'. [D:/Extra_Projects/Zynq/Zynq_Basic_Task/Zynq_Basic_Task.srcs/constrs_1/new/zynq7020.xdc:117]
CRITICAL WARNING: [Common 17-55] 'set_property' expects at least one object. [D:/Extra_Projects/Zynq/Zynq_Basic_Task/Zynq_Basic_Task.srcs/constrs_1/new/zynq7020.xdc:117]
Resolution: If [get_<value>] was used to populate the object, check to make sure this command returns at least one valid object.
WARNING: [Vivado 12-584] No ports matched 'DDR_DQS_p[0]'. [D:/Extra_Projects/Zynq/Zynq_Basic_Task/Zynq_Basic_Task.srcs/constrs_1/new/zynq7020.xdc:118]
CRITICAL WARNING: [Common 17-55] 'set_property' expects at least one object. [D:/Extra_Projects/Zynq/Zynq_Basic_Task/Zynq_Basic_Task.srcs/constrs_1/new/zynq7020.xdc:118]
Resolution: If [get_<value>] was used to populate the object, check to make sure this command returns at least one valid object.
WARNING: [Vivado 12-584] No ports matched 'DDR_DQS_p[0]'. [D:/Extra_Projects/Zynq/Zynq_Basic_Task/Zynq_Basic_Task.srcs/constrs_1/new/zynq7020.xdc:119]
CRITICAL WARNING: [Common 17-55] 'set_property' expects at least one object. [D:/Extra_Projects/Zynq/Zynq_Basic_Task/Zynq_Basic_Task.srcs/constrs_1/new/zynq7020.xdc:119]
Resolution: If [get_<value>] was used to populate the object, check to make sure this command returns at least one valid object.
WARNING: [Vivado 12-584] No ports matched 'DDR_DQS_n[3]'. [D:/Extra_Projects/Zynq/Zynq_Basic_Task/Zynq_Basic_Task.srcs/constrs_1/new/zynq7020.xdc:120]
CRITICAL WARNING: [Common 17-55] 'set_property' expects at least one object. [D:/Extra_Projects/Zynq/Zynq_Basic_Task/Zynq_Basic_Task.srcs/constrs_1/new/zynq7020.xdc:120]
Resolution: If [get_<value>] was used to populate the object, check to make sure this command returns at least one valid object.
WARNING: [Vivado 12-584] No ports matched 'DDR_DQS_n[3]'. [D:/Extra_Projects/Zynq/Zynq_Basic_Task/Zynq_Basic_Task.srcs/constrs_1/new/zynq7020.xdc:121]
CRITICAL WARNING: [Common 17-55] 'set_property' expects at least one object. [D:/Extra_Projects/Zynq/Zynq_Basic_Task/Zynq_Basic_Task.srcs/constrs_1/new/zynq7020.xdc:121]
Resolution: If [get_<value>] was used to populate the object, check to make sure this command returns at least one valid object.
WARNING: [Vivado 12-584] No ports matched 'DDR_DQS_n[3]'. [D:/Extra_Projects/Zynq/Zynq_Basic_Task/Zynq_Basic_Task.srcs/constrs_1/new/zynq7020.xdc:122]
CRITICAL WARNING: [Common 17-55] 'set_property' expects at least one object. [D:/Extra_Projects/Zynq/Zynq_Basic_Task/Zynq_Basic_Task.srcs/constrs_1/new/zynq7020.xdc:122]
Resolution: If [get_<value>] was used to populate the object, check to make sure this command returns at least one valid object.
WARNING: [Vivado 12-584] No ports matched 'DDR_DQS_n[3]'. [D:/Extra_Projects/Zynq/Zynq_Basic_Task/Zynq_Basic_Task.srcs/constrs_1/new/zynq7020.xdc:123]
CRITICAL WARNING: [Common 17-55] 'set_property' expects at least one object. [D:/Extra_Projects/Zynq/Zynq_Basic_Task/Zynq_Basic_Task.srcs/constrs_1/new/zynq7020.xdc:123]
Resolution: If [get_<value>] was used to populate the object, check to make sure this command returns at least one valid object.
WARNING: [Vivado 12-584] No ports matched 'DDR_DQS_n[2]'. [D:/Extra_Projects/Zynq/Zynq_Basic_Task/Zynq_Basic_Task.srcs/constrs_1/new/zynq7020.xdc:124]
CRITICAL WARNING: [Common 17-55] 'set_property' expects at least one object. [D:/Extra_Projects/Zynq/Zynq_Basic_Task/Zynq_Basic_Task.srcs/constrs_1/new/zynq7020.xdc:124]
Resolution: If [get_<value>] was used to populate the object, check to make sure this command returns at least one valid object.
WARNING: [Vivado 12-584] No ports matched 'DDR_DQS_n[2]'. [D:/Extra_Projects/Zynq/Zynq_Basic_Task/Zynq_Basic_Task.srcs/constrs_1/new/zynq7020.xdc:125]
CRITICAL WARNING: [Common 17-55] 'set_property' expects at least one object. [D:/Extra_Projects/Zynq/Zynq_Basic_Task/Zynq_Basic_Task.srcs/constrs_1/new/zynq7020.xdc:125]
Resolution: If [get_<value>] was used to populate the object, check to make sure this command returns at least one valid object.
WARNING: [Vivado 12-584] No ports matched 'DDR_DQS_n[2]'. [D:/Extra_Projects/Zynq/Zynq_Basic_Task/Zynq_Basic_Task.srcs/constrs_1/new/zynq7020.xdc:126]
CRITICAL WARNING: [Common 17-55] 'set_property' expects at least one object. [D:/Extra_Projects/Zynq/Zynq_Basic_Task/Zynq_Basic_Task.srcs/constrs_1/new/zynq7020.xdc:126]
Resolution: If [get_<value>] was used to populate the object, check to make sure this command returns at least one valid object.
WARNING: [Vivado 12-584] No ports matched 'DDR_DQS_n[2]'. [D:/Extra_Projects/Zynq/Zynq_Basic_Task/Zynq_Basic_Task.srcs/constrs_1/new/zynq7020.xdc:127]
CRITICAL WARNING: [Common 17-55] 'set_property' expects at least one object. [D:/Extra_Projects/Zynq/Zynq_Basic_Task/Zynq_Basic_Task.srcs/constrs_1/new/zynq7020.xdc:127]
Resolution: If [get_<value>] was used to populate the object, check to make sure this command returns at least one valid object.
WARNING: [Vivado 12-584] No ports matched 'DDR_DQS_n[1]'. [D:/Extra_Projects/Zynq/Zynq_Basic_Task/Zynq_Basic_Task.srcs/constrs_1/new/zynq7020.xdc:128]
CRITICAL WARNING: [Common 17-55] 'set_property' expects at least one object. [D:/Extra_Projects/Zynq/Zynq_Basic_Task/Zynq_Basic_Task.srcs/constrs_1/new/zynq7020.xdc:128]
Resolution: If [get_<value>] was used to populate the object, check to make sure this command returns at least one valid object.
WARNING: [Vivado 12-584] No ports matched 'DDR_DQS_n[1]'. [D:/Extra_Projects/Zynq/Zynq_Basic_Task/Zynq_Basic_Task.srcs/constrs_1/new/zynq7020.xdc:129]
CRITICAL WARNING: [Common 17-55] 'set_property' expects at least one object. [D:/Extra_Projects/Zynq/Zynq_Basic_Task/Zynq_Basic_Task.srcs/constrs_1/new/zynq7020.xdc:129]
Resolution: If [get_<value>] was used to populate the object, check to make sure this command returns at least one valid object.
WARNING: [Vivado 12-584] No ports matched 'DDR_DQS_n[1]'. [D:/Extra_Projects/Zynq/Zynq_Basic_Task/Zynq_Basic_Task.srcs/constrs_1/new/zynq7020.xdc:130]
CRITICAL WARNING: [Common 17-55] 'set_property' expects at least one object. [D:/Extra_Projects/Zynq/Zynq_Basic_Task/Zynq_Basic_Task.srcs/constrs_1/new/zynq7020.xdc:130]
Resolution: If [get_<value>] was used to populate the object, check to make sure this command returns at least one valid object.
WARNING: [Vivado 12-584] No ports matched 'DDR_DQS_n[1]'. [D:/Extra_Projects/Zynq/Zynq_Basic_Task/Zynq_Basic_Task.srcs/constrs_1/new/zynq7020.xdc:131]
CRITICAL WARNING: [Common 17-55] 'set_property' expects at least one object. [D:/Extra_Projects/Zynq/Zynq_Basic_Task/Zynq_Basic_Task.srcs/constrs_1/new/zynq7020.xdc:131]
Resolution: If [get_<value>] was used to populate the object, check to make sure this command returns at least one valid object.
WARNING: [Vivado 12-584] No ports matched 'DDR_DQS_n[0]'. [D:/Extra_Projects/Zynq/Zynq_Basic_Task/Zynq_Basic_Task.srcs/constrs_1/new/zynq7020.xdc:132]
CRITICAL WARNING: [Common 17-55] 'set_property' expects at least one object. [D:/Extra_Projects/Zynq/Zynq_Basic_Task/Zynq_Basic_Task.srcs/constrs_1/new/zynq7020.xdc:132]
Resolution: If [get_<value>] was used to populate the object, check to make sure this command returns at least one valid object.
WARNING: [Vivado 12-584] No ports matched 'DDR_DQS_n[0]'. [D:/Extra_Projects/Zynq/Zynq_Basic_Task/Zynq_Basic_Task.srcs/constrs_1/new/zynq7020.xdc:133]
CRITICAL WARNING: [Common 17-55] 'set_property' expects at least one object. [D:/Extra_Projects/Zynq/Zynq_Basic_Task/Zynq_Basic_Task.srcs/constrs_1/new/zynq7020.xdc:133]
Resolution: If [get_<value>] was used to populate the object, check to make sure this command returns at least one valid object.
WARNING: [Vivado 12-584] No ports matched 'DDR_DQS_n[0]'. [D:/Extra_Projects/Zynq/Zynq_Basic_Task/Zynq_Basic_Task.srcs/constrs_1/new/zynq7020.xdc:134]
CRITICAL WARNING: [Common 17-55] 'set_property' expects at least one object. [D:/Extra_Projects/Zynq/Zynq_Basic_Task/Zynq_Basic_Task.srcs/constrs_1/new/zynq7020.xdc:134]
Resolution: If [get_<value>] was used to populate the object, check to make sure this command returns at least one valid object.
WARNING: [Vivado 12-584] No ports matched 'DDR_DQS_n[0]'. [D:/Extra_Projects/Zynq/Zynq_Basic_Task/Zynq_Basic_Task.srcs/constrs_1/new/zynq7020.xdc:135]
CRITICAL WARNING: [Common 17-55] 'set_property' expects at least one object. [D:/Extra_Projects/Zynq/Zynq_Basic_Task/Zynq_Basic_Task.srcs/constrs_1/new/zynq7020.xdc:135]
Resolution: If [get_<value>] was used to populate the object, check to make sure this command returns at least one valid object.
WARNING: [Vivado 12-584] No ports matched 'DDR_DQ[9]'. [D:/Extra_Projects/Zynq/Zynq_Basic_Task/Zynq_Basic_Task.srcs/constrs_1/new/zynq7020.xdc:136]
CRITICAL WARNING: [Common 17-55] 'set_property' expects at least one object. [D:/Extra_Projects/Zynq/Zynq_Basic_Task/Zynq_Basic_Task.srcs/constrs_1/new/zynq7020.xdc:136]
Resolution: If [get_<value>] was used to populate the object, check to make sure this command returns at least one valid object.
WARNING: [Vivado 12-584] No ports matched 'DDR_DQ[9]'. [D:/Extra_Projects/Zynq/Zynq_Basic_Task/Zynq_Basic_Task.srcs/constrs_1/new/zynq7020.xdc:137]
CRITICAL WARNING: [Common 17-55] 'set_property' expects at least one object. [D:/Extra_Projects/Zynq/Zynq_Basic_Task/Zynq_Basic_Task.srcs/constrs_1/new/zynq7020.xdc:137]
Resolution: If [get_<value>] was used to populate the object, check to make sure this command returns at least one valid object.
WARNING: [Vivado 12-584] No ports matched 'DDR_DQ[9]'. [D:/Extra_Projects/Zynq/Zynq_Basic_Task/Zynq_Basic_Task.srcs/constrs_1/new/zynq7020.xdc:138]
CRITICAL WARNING: [Common 17-55] 'set_property' expects at least one object. [D:/Extra_Projects/Zynq/Zynq_Basic_Task/Zynq_Basic_Task.srcs/constrs_1/new/zynq7020.xdc:138]
Resolution: If [get_<value>] was used to populate the object, check to make sure this command returns at least one valid object.
WARNING: [Vivado 12-584] No ports matched 'DDR_DQ[9]'. [D:/Extra_Projects/Zynq/Zynq_Basic_Task/Zynq_Basic_Task.srcs/constrs_1/new/zynq7020.xdc:139]
CRITICAL WARNING: [Common 17-55] 'set_property' expects at least one object. [D:/Extra_Projects/Zynq/Zynq_Basic_Task/Zynq_Basic_Task.srcs/constrs_1/new/zynq7020.xdc:139]
Resolution: If [get_<value>] was used to populate the object, check to make sure this command returns at least one valid object.
WARNING: [Vivado 12-584] No ports matched 'DDR_DQ[8]'. [D:/Extra_Projects/Zynq/Zynq_Basic_Task/Zynq_Basic_Task.srcs/constrs_1/new/zynq7020.xdc:140]
CRITICAL WARNING: [Common 17-55] 'set_property' expects at least one object. [D:/Extra_Projects/Zynq/Zynq_Basic_Task/Zynq_Basic_Task.srcs/constrs_1/new/zynq7020.xdc:140]
Resolution: If [get_<value>] was used to populate the object, check to make sure this command returns at least one valid object.
WARNING: [Vivado 12-584] No ports matched 'DDR_DQ[8]'. [D:/Extra_Projects/Zynq/Zynq_Basic_Task/Zynq_Basic_Task.srcs/constrs_1/new/zynq7020.xdc:141]
CRITICAL WARNING: [Common 17-55] 'set_property' expects at least one object. [D:/Extra_Projects/Zynq/Zynq_Basic_Task/Zynq_Basic_Task.srcs/constrs_1/new/zynq7020.xdc:141]
Resolution: If [get_<value>] was used to populate the object, check to make sure this command returns at least one valid object.
WARNING: [Vivado 12-584] No ports matched 'DDR_DQ[8]'. [D:/Extra_Projects/Zynq/Zynq_Basic_Task/Zynq_Basic_Task.srcs/constrs_1/new/zynq7020.xdc:142]
CRITICAL WARNING: [Common 17-55] 'set_property' expects at least one object. [D:/Extra_Projects/Zynq/Zynq_Basic_Task/Zynq_Basic_Task.srcs/constrs_1/new/zynq7020.xdc:142]
Resolution: If [get_<value>] was used to populate the object, check to make sure this command returns at least one valid object.
WARNING: [Vivado 12-584] No ports matched 'DDR_DQ[8]'. [D:/Extra_Projects/Zynq/Zynq_Basic_Task/Zynq_Basic_Task.srcs/constrs_1/new/zynq7020.xdc:143]
CRITICAL WARNING: [Common 17-55] 'set_property' expects at least one object. [D:/Extra_Projects/Zynq/Zynq_Basic_Task/Zynq_Basic_Task.srcs/constrs_1/new/zynq7020.xdc:143]
Resolution: If [get_<value>] was used to populate the object, check to make sure this command returns at least one valid object.
WARNING: [Vivado 12-584] No ports matched 'DDR_DQ[7]'. [D:/Extra_Projects/Zynq/Zynq_Basic_Task/Zynq_Basic_Task.srcs/constrs_1/new/zynq7020.xdc:144]
CRITICAL WARNING: [Common 17-55] 'set_property' expects at least one object. [D:/Extra_Projects/Zynq/Zynq_Basic_Task/Zynq_Basic_Task.srcs/constrs_1/new/zynq7020.xdc:144]
Resolution: If [get_<value>] was used to populate the object, check to make sure this command returns at least one valid object.
WARNING: [Vivado 12-584] No ports matched 'DDR_DQ[7]'. [D:/Extra_Projects/Zynq/Zynq_Basic_Task/Zynq_Basic_Task.srcs/constrs_1/new/zynq7020.xdc:145]
CRITICAL WARNING: [Common 17-55] 'set_property' expects at least one object. [D:/Extra_Projects/Zynq/Zynq_Basic_Task/Zynq_Basic_Task.srcs/constrs_1/new/zynq7020.xdc:145]
Resolution: If [get_<value>] was used to populate the object, check to make sure this command returns at least one valid object.
WARNING: [Vivado 12-584] No ports matched 'DDR_DQ[7]'. [D:/Extra_Projects/Zynq/Zynq_Basic_Task/Zynq_Basic_Task.srcs/constrs_1/new/zynq7020.xdc:146]
CRITICAL WARNING: [Common 17-55] 'set_property' expects at least one object. [D:/Extra_Projects/Zynq/Zynq_Basic_Task/Zynq_Basic_Task.srcs/constrs_1/new/zynq7020.xdc:146]
Resolution: If [get_<value>] was used to populate the object, check to make sure this command returns at least one valid object.
WARNING: [Vivado 12-584] No ports matched 'DDR_DQ[7]'. [D:/Extra_Projects/Zynq/Zynq_Basic_Task/Zynq_Basic_Task.srcs/constrs_1/new/zynq7020.xdc:147]
CRITICAL WARNING: [Common 17-55] 'set_property' expects at least one object. [D:/Extra_Projects/Zynq/Zynq_Basic_Task/Zynq_Basic_Task.srcs/constrs_1/new/zynq7020.xdc:147]
Resolution: If [get_<value>] was used to populate the object, check to make sure this command returns at least one valid object.
WARNING: [Vivado 12-584] No ports matched 'DDR_DQ[6]'. [D:/Extra_Projects/Zynq/Zynq_Basic_Task/Zynq_Basic_Task.srcs/constrs_1/new/zynq7020.xdc:148]
CRITICAL WARNING: [Common 17-55] 'set_property' expects at least one object. [D:/Extra_Projects/Zynq/Zynq_Basic_Task/Zynq_Basic_Task.srcs/constrs_1/new/zynq7020.xdc:148]
Resolution: If [get_<value>] was used to populate the object, check to make sure this command returns at least one valid object.
WARNING: [Vivado 12-584] No ports matched 'DDR_DQ[6]'. [D:/Extra_Projects/Zynq/Zynq_Basic_Task/Zynq_Basic_Task.srcs/constrs_1/new/zynq7020.xdc:149]
CRITICAL WARNING: [Common 17-55] 'set_property' expects at least one object. [D:/Extra_Projects/Zynq/Zynq_Basic_Task/Zynq_Basic_Task.srcs/constrs_1/new/zynq7020.xdc:149]
Resolution: If [get_<value>] was used to populate the object, check to make sure this command returns at least one valid object.
WARNING: [Vivado 12-584] No ports matched 'DDR_DQ[6]'. [D:/Extra_Projects/Zynq/Zynq_Basic_Task/Zynq_Basic_Task.srcs/constrs_1/new/zynq7020.xdc:150]
CRITICAL WARNING: [Common 17-55] 'set_property' expects at least one object. [D:/Extra_Projects/Zynq/Zynq_Basic_Task/Zynq_Basic_Task.srcs/constrs_1/new/zynq7020.xdc:150]
Resolution: If [get_<value>] was used to populate the object, check to make sure this command returns at least one valid object.
WARNING: [Vivado 12-584] No ports matched 'DDR_DQ[6]'. [D:/Extra_Projects/Zynq/Zynq_Basic_Task/Zynq_Basic_Task.srcs/constrs_1/new/zynq7020.xdc:151]
CRITICAL WARNING: [Common 17-55] 'set_property' expects at least one object. [D:/Extra_Projects/Zynq/Zynq_Basic_Task/Zynq_Basic_Task.srcs/constrs_1/new/zynq7020.xdc:151]
Resolution: If [get_<value>] was used to populate the object, check to make sure this command returns at least one valid object.
WARNING: [Vivado 12-584] No ports matched 'DDR_DQ[5]'. [D:/Extra_Projects/Zynq/Zynq_Basic_Task/Zynq_Basic_Task.srcs/constrs_1/new/zynq7020.xdc:152]
CRITICAL WARNING: [Common 17-55] 'set_property' expects at least one object. [D:/Extra_Projects/Zynq/Zynq_Basic_Task/Zynq_Basic_Task.srcs/constrs_1/new/zynq7020.xdc:152]
Resolution: If [get_<value>] was used to populate the object, check to make sure this command returns at least one valid object.
WARNING: [Vivado 12-584] No ports matched 'DDR_DQ[5]'. [D:/Extra_Projects/Zynq/Zynq_Basic_Task/Zynq_Basic_Task.srcs/constrs_1/new/zynq7020.xdc:153]
CRITICAL WARNING: [Common 17-55] 'set_property' expects at least one object. [D:/Extra_Projects/Zynq/Zynq_Basic_Task/Zynq_Basic_Task.srcs/constrs_1/new/zynq7020.xdc:153]
Resolution: If [get_<value>] was used to populate the object, check to make sure this command returns at least one valid object.
WARNING: [Vivado 12-584] No ports matched 'DDR_DQ[5]'. [D:/Extra_Projects/Zynq/Zynq_Basic_Task/Zynq_Basic_Task.srcs/constrs_1/new/zynq7020.xdc:154]
CRITICAL WARNING: [Common 17-55] 'set_property' expects at least one object. [D:/Extra_Projects/Zynq/Zynq_Basic_Task/Zynq_Basic_Task.srcs/constrs_1/new/zynq7020.xdc:154]
Resolution: If [get_<value>] was used to populate the object, check to make sure this command returns at least one valid object.
WARNING: [Vivado 12-584] No ports matched 'DDR_DQ[5]'. [D:/Extra_Projects/Zynq/Zynq_Basic_Task/Zynq_Basic_Task.srcs/constrs_1/new/zynq7020.xdc:155]
CRITICAL WARNING: [Common 17-55] 'set_property' expects at least one object. [D:/Extra_Projects/Zynq/Zynq_Basic_Task/Zynq_Basic_Task.srcs/constrs_1/new/zynq7020.xdc:155]
Resolution: If [get_<value>] was used to populate the object, check to make sure this command returns at least one valid object.
WARNING: [Vivado 12-584] No ports matched 'DDR_DQ[4]'. [D:/Extra_Projects/Zynq/Zynq_Basic_Task/Zynq_Basic_Task.srcs/constrs_1/new/zynq7020.xdc:156]
CRITICAL WARNING: [Common 17-55] 'set_property' expects at least one object. [D:/Extra_Projects/Zynq/Zynq_Basic_Task/Zynq_Basic_Task.srcs/constrs_1/new/zynq7020.xdc:156]
Resolution: If [get_<value>] was used to populate the object, check to make sure this command returns at least one valid object.
WARNING: [Vivado 12-584] No ports matched 'DDR_DQ[4]'. [D:/Extra_Projects/Zynq/Zynq_Basic_Task/Zynq_Basic_Task.srcs/constrs_1/new/zynq7020.xdc:157]
CRITICAL WARNING: [Common 17-55] 'set_property' expects at least one object. [D:/Extra_Projects/Zynq/Zynq_Basic_Task/Zynq_Basic_Task.srcs/constrs_1/new/zynq7020.xdc:157]
Resolution: If [get_<value>] was used to populate the object, check to make sure this command returns at least one valid object.
WARNING: [Vivado 12-584] No ports matched 'DDR_DQ[4]'. [D:/Extra_Projects/Zynq/Zynq_Basic_Task/Zynq_Basic_Task.srcs/constrs_1/new/zynq7020.xdc:158]
CRITICAL WARNING: [Common 17-55] 'set_property' expects at least one object. [D:/Extra_Projects/Zynq/Zynq_Basic_Task/Zynq_Basic_Task.srcs/constrs_1/new/zynq7020.xdc:158]
Resolution: If [get_<value>] was used to populate the object, check to make sure this command returns at least one valid object.
WARNING: [Vivado 12-584] No ports matched 'DDR_DQ[4]'. [D:/Extra_Projects/Zynq/Zynq_Basic_Task/Zynq_Basic_Task.srcs/constrs_1/new/zynq7020.xdc:159]
CRITICAL WARNING: [Common 17-55] 'set_property' expects at least one object. [D:/Extra_Projects/Zynq/Zynq_Basic_Task/Zynq_Basic_Task.srcs/constrs_1/new/zynq7020.xdc:159]
Resolution: If [get_<value>] was used to populate the object, check to make sure this command returns at least one valid object.
WARNING: [Vivado 12-584] No ports matched 'DDR_DQ[3]'. [D:/Extra_Projects/Zynq/Zynq_Basic_Task/Zynq_Basic_Task.srcs/constrs_1/new/zynq7020.xdc:160]
CRITICAL WARNING: [Common 17-55] 'set_property' expects at least one object. [D:/Extra_Projects/Zynq/Zynq_Basic_Task/Zynq_Basic_Task.srcs/constrs_1/new/zynq7020.xdc:160]
Resolution: If [get_<value>] was used to populate the object, check to make sure this command returns at least one valid object.
WARNING: [Vivado 12-584] No ports matched 'DDR_DQ[3]'. [D:/Extra_Projects/Zynq/Zynq_Basic_Task/Zynq_Basic_Task.srcs/constrs_1/new/zynq7020.xdc:161]
CRITICAL WARNING: [Common 17-55] 'set_property' expects at least one object. [D:/Extra_Projects/Zynq/Zynq_Basic_Task/Zynq_Basic_Task.srcs/constrs_1/new/zynq7020.xdc:161]
Resolution: If [get_<value>] was used to populate the object, check to make sure this command returns at least one valid object.
WARNING: [Vivado 12-584] No ports matched 'DDR_DQ[3]'. [D:/Extra_Projects/Zynq/Zynq_Basic_Task/Zynq_Basic_Task.srcs/constrs_1/new/zynq7020.xdc:162]
CRITICAL WARNING: [Common 17-55] 'set_property' expects at least one object. [D:/Extra_Projects/Zynq/Zynq_Basic_Task/Zynq_Basic_Task.srcs/constrs_1/new/zynq7020.xdc:162]
Resolution: If [get_<value>] was used to populate the object, check to make sure this command returns at least one valid object.
WARNING: [Vivado 12-584] No ports matched 'DDR_DQ[3]'. [D:/Extra_Projects/Zynq/Zynq_Basic_Task/Zynq_Basic_Task.srcs/constrs_1/new/zynq7020.xdc:163]
CRITICAL WARNING: [Common 17-55] 'set_property' expects at least one object. [D:/Extra_Projects/Zynq/Zynq_Basic_Task/Zynq_Basic_Task.srcs/constrs_1/new/zynq7020.xdc:163]
Resolution: If [get_<value>] was used to populate the object, check to make sure this command returns at least one valid object.
WARNING: [Vivado 12-584] No ports matched 'DDR_DQ[31]'. [D:/Extra_Projects/Zynq/Zynq_Basic_Task/Zynq_Basic_Task.srcs/constrs_1/new/zynq7020.xdc:164]
CRITICAL WARNING: [Common 17-55] 'set_property' expects at least one object. [D:/Extra_Projects/Zynq/Zynq_Basic_Task/Zynq_Basic_Task.srcs/constrs_1/new/zynq7020.xdc:164]
Resolution: If [get_<value>] was used to populate the object, check to make sure this command returns at least one valid object.
WARNING: [Vivado 12-584] No ports matched 'DDR_DQ[31]'. [D:/Extra_Projects/Zynq/Zynq_Basic_Task/Zynq_Basic_Task.srcs/constrs_1/new/zynq7020.xdc:165]
CRITICAL WARNING: [Common 17-55] 'set_property' expects at least one object. [D:/Extra_Projects/Zynq/Zynq_Basic_Task/Zynq_Basic_Task.srcs/constrs_1/new/zynq7020.xdc:165]
Resolution: If [get_<value>] was used to populate the object, check to make sure this command returns at least one valid object.
WARNING: [Vivado 12-584] No ports matched 'DDR_DQ[31]'. [D:/Extra_Projects/Zynq/Zynq_Basic_Task/Zynq_Basic_Task.srcs/constrs_1/new/zynq7020.xdc:166]
CRITICAL WARNING: [Common 17-55] 'set_property' expects at least one object. [D:/Extra_Projects/Zynq/Zynq_Basic_Task/Zynq_Basic_Task.srcs/constrs_1/new/zynq7020.xdc:166]
Resolution: If [get_<value>] was used to populate the object, check to make sure this command returns at least one valid object.
WARNING: [Vivado 12-584] No ports matched 'DDR_DQ[31]'. [D:/Extra_Projects/Zynq/Zynq_Basic_Task/Zynq_Basic_Task.srcs/constrs_1/new/zynq7020.xdc:167]
CRITICAL WARNING: [Common 17-55] 'set_property' expects at least one object. [D:/Extra_Projects/Zynq/Zynq_Basic_Task/Zynq_Basic_Task.srcs/constrs_1/new/zynq7020.xdc:167]
Resolution: If [get_<value>] was used to populate the object, check to make sure this command returns at least one valid object.
WARNING: [Vivado 12-584] No ports matched 'DDR_DQ[30]'. [D:/Extra_Projects/Zynq/Zynq_Basic_Task/Zynq_Basic_Task.srcs/constrs_1/new/zynq7020.xdc:168]
CRITICAL WARNING: [Common 17-55] 'set_property' expects at least one object. [D:/Extra_Projects/Zynq/Zynq_Basic_Task/Zynq_Basic_Task.srcs/constrs_1/new/zynq7020.xdc:168]
Resolution: If [get_<value>] was used to populate the object, check to make sure this command returns at least one valid object.
WARNING: [Vivado 12-584] No ports matched 'DDR_DQ[30]'. [D:/Extra_Projects/Zynq/Zynq_Basic_Task/Zynq_Basic_Task.srcs/constrs_1/new/zynq7020.xdc:169]
CRITICAL WARNING: [Common 17-55] 'set_property' expects at least one object. [D:/Extra_Projects/Zynq/Zynq_Basic_Task/Zynq_Basic_Task.srcs/constrs_1/new/zynq7020.xdc:169]
Resolution: If [get_<value>] was used to populate the object, check to make sure this command returns at least one valid object.
WARNING: [Vivado 12-584] No ports matched 'DDR_DQ[30]'. [D:/Extra_Projects/Zynq/Zynq_Basic_Task/Zynq_Basic_Task.srcs/constrs_1/new/zynq7020.xdc:170]
CRITICAL WARNING: [Common 17-55] 'set_property' expects at least one object. [D:/Extra_Projects/Zynq/Zynq_Basic_Task/Zynq_Basic_Task.srcs/constrs_1/new/zynq7020.xdc:170]
Resolution: If [get_<value>] was used to populate the object, check to make sure this command returns at least one valid object.
WARNING: [Vivado 12-584] No ports matched 'DDR_DQ[30]'. [D:/Extra_Projects/Zynq/Zynq_Basic_Task/Zynq_Basic_Task.srcs/constrs_1/new/zynq7020.xdc:171]
CRITICAL WARNING: [Common 17-55] 'set_property' expects at least one object. [D:/Extra_Projects/Zynq/Zynq_Basic_Task/Zynq_Basic_Task.srcs/constrs_1/new/zynq7020.xdc:171]
Resolution: If [get_<value>] was used to populate the object, check to make sure this command returns at least one valid object.
WARNING: [Vivado 12-584] No ports matched 'DDR_DQ[2]'. [D:/Extra_Projects/Zynq/Zynq_Basic_Task/Zynq_Basic_Task.srcs/constrs_1/new/zynq7020.xdc:172]
CRITICAL WARNING: [Common 17-55] 'set_property' expects at least one object. [D:/Extra_Projects/Zynq/Zynq_Basic_Task/Zynq_Basic_Task.srcs/constrs_1/new/zynq7020.xdc:172]
Resolution: If [get_<value>] was used to populate the object, check to make sure this command returns at least one valid object.
WARNING: [Vivado 12-584] No ports matched 'DDR_DQ[2]'. [D:/Extra_Projects/Zynq/Zynq_Basic_Task/Zynq_Basic_Task.srcs/constrs_1/new/zynq7020.xdc:173]
CRITICAL WARNING: [Common 17-55] 'set_property' expects at least one object. [D:/Extra_Projects/Zynq/Zynq_Basic_Task/Zynq_Basic_Task.srcs/constrs_1/new/zynq7020.xdc:173]
Resolution: If [get_<value>] was used to populate the object, check to make sure this command returns at least one valid object.
WARNING: [Vivado 12-584] No ports matched 'DDR_DQ[2]'. [D:/Extra_Projects/Zynq/Zynq_Basic_Task/Zynq_Basic_Task.srcs/constrs_1/new/zynq7020.xdc:174]
CRITICAL WARNING: [Common 17-55] 'set_property' expects at least one object. [D:/Extra_Projects/Zynq/Zynq_Basic_Task/Zynq_Basic_Task.srcs/constrs_1/new/zynq7020.xdc:174]
Resolution: If [get_<value>] was used to populate the object, check to make sure this command returns at least one valid object.
WARNING: [Vivado 12-584] No ports matched 'DDR_DQ[2]'. [D:/Extra_Projects/Zynq/Zynq_Basic_Task/Zynq_Basic_Task.srcs/constrs_1/new/zynq7020.xdc:175]
CRITICAL WARNING: [Common 17-55] 'set_property' expects at least one object. [D:/Extra_Projects/Zynq/Zynq_Basic_Task/Zynq_Basic_Task.srcs/constrs_1/new/zynq7020.xdc:175]
Resolution: If [get_<value>] was used to populate the object, check to make sure this command returns at least one valid object.
WARNING: [Vivado 12-584] No ports matched 'DDR_DQ[29]'. [D:/Extra_Projects/Zynq/Zynq_Basic_Task/Zynq_Basic_Task.srcs/constrs_1/new/zynq7020.xdc:176]
CRITICAL WARNING: [Common 17-55] 'set_property' expects at least one object. [D:/Extra_Projects/Zynq/Zynq_Basic_Task/Zynq_Basic_Task.srcs/constrs_1/new/zynq7020.xdc:176]
Resolution: If [get_<value>] was used to populate the object, check to make sure this command returns at least one valid object.
WARNING: [Vivado 12-584] No ports matched 'DDR_DQ[29]'. [D:/Extra_Projects/Zynq/Zynq_Basic_Task/Zynq_Basic_Task.srcs/constrs_1/new/zynq7020.xdc:177]
CRITICAL WARNING: [Common 17-55] 'set_property' expects at least one object. [D:/Extra_Projects/Zynq/Zynq_Basic_Task/Zynq_Basic_Task.srcs/constrs_1/new/zynq7020.xdc:177]
Resolution: If [get_<value>] was used to populate the object, check to make sure this command returns at least one valid object.
WARNING: [Vivado 12-584] No ports matched 'DDR_DQ[29]'. [D:/Extra_Projects/Zynq/Zynq_Basic_Task/Zynq_Basic_Task.srcs/constrs_1/new/zynq7020.xdc:178]
CRITICAL WARNING: [Common 17-55] 'set_property' expects at least one object. [D:/Extra_Projects/Zynq/Zynq_Basic_Task/Zynq_Basic_Task.srcs/constrs_1/new/zynq7020.xdc:178]
Resolution: If [get_<value>] was used to populate the object, check to make sure this command returns at least one valid object.
WARNING: [Vivado 12-584] No ports matched 'DDR_DQ[29]'. [D:/Extra_Projects/Zynq/Zynq_Basic_Task/Zynq_Basic_Task.srcs/constrs_1/new/zynq7020.xdc:179]
CRITICAL WARNING: [Common 17-55] 'set_property' expects at least one object. [D:/Extra_Projects/Zynq/Zynq_Basic_Task/Zynq_Basic_Task.srcs/constrs_1/new/zynq7020.xdc:179]
Resolution: If [get_<value>] was used to populate the object, check to make sure this command returns at least one valid object.
WARNING: [Vivado 12-584] No ports matched 'DDR_DQ[28]'. [D:/Extra_Projects/Zynq/Zynq_Basic_Task/Zynq_Basic_Task.srcs/constrs_1/new/zynq7020.xdc:180]
CRITICAL WARNING: [Common 17-55] 'set_property' expects at least one object. [D:/Extra_Projects/Zynq/Zynq_Basic_Task/Zynq_Basic_Task.srcs/constrs_1/new/zynq7020.xdc:180]
Resolution: If [get_<value>] was used to populate the object, check to make sure this command returns at least one valid object.
WARNING: [Vivado 12-584] No ports matched 'DDR_DQ[28]'. [D:/Extra_Projects/Zynq/Zynq_Basic_Task/Zynq_Basic_Task.srcs/constrs_1/new/zynq7020.xdc:181]
CRITICAL WARNING: [Common 17-55] 'set_property' expects at least one object. [D:/Extra_Projects/Zynq/Zynq_Basic_Task/Zynq_Basic_Task.srcs/constrs_1/new/zynq7020.xdc:181]
Resolution: If [get_<value>] was used to populate the object, check to make sure this command returns at least one valid object.
WARNING: [Vivado 12-584] No ports matched 'DDR_DQ[28]'. [D:/Extra_Projects/Zynq/Zynq_Basic_Task/Zynq_Basic_Task.srcs/constrs_1/new/zynq7020.xdc:182]
CRITICAL WARNING: [Common 17-55] 'set_property' expects at least one object. [D:/Extra_Projects/Zynq/Zynq_Basic_Task/Zynq_Basic_Task.srcs/constrs_1/new/zynq7020.xdc:182]
Resolution: If [get_<value>] was used to populate the object, check to make sure this command returns at least one valid object.
WARNING: [Vivado 12-584] No ports matched 'DDR_DQ[28]'. [D:/Extra_Projects/Zynq/Zynq_Basic_Task/Zynq_Basic_Task.srcs/constrs_1/new/zynq7020.xdc:183]
CRITICAL WARNING: [Common 17-55] 'set_property' expects at least one object. [D:/Extra_Projects/Zynq/Zynq_Basic_Task/Zynq_Basic_Task.srcs/constrs_1/new/zynq7020.xdc:183]
Resolution: If [get_<value>] was used to populate the object, check to make sure this command returns at least one valid object.
WARNING: [Vivado 12-584] No ports matched 'DDR_DQ[27]'. [D:/Extra_Projects/Zynq/Zynq_Basic_Task/Zynq_Basic_Task.srcs/constrs_1/new/zynq7020.xdc:184]
CRITICAL WARNING: [Common 17-55] 'set_property' expects at least one object. [D:/Extra_Projects/Zynq/Zynq_Basic_Task/Zynq_Basic_Task.srcs/constrs_1/new/zynq7020.xdc:184]
Resolution: If [get_<value>] was used to populate the object, check to make sure this command returns at least one valid object.
WARNING: [Vivado 12-584] No ports matched 'DDR_DQ[27]'. [D:/Extra_Projects/Zynq/Zynq_Basic_Task/Zynq_Basic_Task.srcs/constrs_1/new/zynq7020.xdc:185]
CRITICAL WARNING: [Common 17-55] 'set_property' expects at least one object. [D:/Extra_Projects/Zynq/Zynq_Basic_Task/Zynq_Basic_Task.srcs/constrs_1/new/zynq7020.xdc:185]
Resolution: If [get_<value>] was used to populate the object, check to make sure this command returns at least one valid object.
WARNING: [Vivado 12-584] No ports matched 'DDR_DQ[27]'. [D:/Extra_Projects/Zynq/Zynq_Basic_Task/Zynq_Basic_Task.srcs/constrs_1/new/zynq7020.xdc:186]
CRITICAL WARNING: [Common 17-55] 'set_property' expects at least one object. [D:/Extra_Projects/Zynq/Zynq_Basic_Task/Zynq_Basic_Task.srcs/constrs_1/new/zynq7020.xdc:186]
Resolution: If [get_<value>] was used to populate the object, check to make sure this command returns at least one valid object.
WARNING: [Vivado 12-584] No ports matched 'DDR_DQ[27]'. [D:/Extra_Projects/Zynq/Zynq_Basic_Task/Zynq_Basic_Task.srcs/constrs_1/new/zynq7020.xdc:187]
INFO: [Common 17-14] Message 'Vivado 12-584' appears 100 times and further instances of the messages will be disabled. Use the Tcl command set_msg_config to change the current settings. [D:/Extra_Projects/Zynq/Zynq_Basic_Task/Zynq_Basic_Task.srcs/constrs_1/new/zynq7020.xdc:187]
CRITICAL WARNING: [Common 17-55] 'set_property' expects at least one object. [D:/Extra_Projects/Zynq/Zynq_Basic_Task/Zynq_Basic_Task.srcs/constrs_1/new/zynq7020.xdc:187]
Resolution: If [get_<value>] was used to populate the object, check to make sure this command returns at least one valid object.
INFO: [Common 17-14] Message 'Common 17-55' appears 100 times and further instances of the messages will be disabled. Use the Tcl command set_msg_config to change the current settings. [D:/Extra_Projects/Zynq/Zynq_Basic_Task/Zynq_Basic_Task.srcs/constrs_1/new/zynq7020.xdc:187]
Finished Parsing XDC File [D:/Extra_Projects/Zynq/Zynq_Basic_Task/Zynq_Basic_Task.srcs/constrs_1/new/zynq7020.xdc]
INFO: [Opt 31-138] Pushed 0 inverter(s) to 0 load pin(s).
Netlist sorting complete. Time (s): cpu = 00:00:00 ; elapsed = 00:00:00.004 . Memory (MB): peak = 835.848 ; gain = 0.000
INFO: [Project 1-111] Unisim Transformation Summary:
No Unisim elements were transformed.

20 Infos, 100 Warnings, 101 Critical Warnings and 0 Errors encountered.
link_design completed successfully
link_design: Time (s): cpu = 00:00:11 ; elapsed = 00:00:15 . Memory (MB): peak = 835.848 ; gain = 429.469
Command: opt_design
Attempting to get a license for feature 'Implementation' and/or device 'xc7z020'
INFO: [Common 17-349] Got license for feature 'Implementation' and/or device 'xc7z020'
Running DRC as a precondition to command opt_design

Starting DRC Task
INFO: [DRC 23-27] Running DRC with 2 threads
INFO: [Project 1-461] DRC finished with 0 Errors
INFO: [Project 1-462] Please refer to the DRC report (report_drc) for more information.

Time (s): cpu = 00:00:01 ; elapsed = 00:00:00.732 . Memory (MB): peak = 856.906 ; gain = 21.059

Starting Cache Timing Information Task
INFO: [Timing 38-35] Done setting XDC timing constraints.
Ending Cache Timing Information Task | Checksum: 1f6cbcc49

Time (s): cpu = 00:00:11 ; elapsed = 00:00:12 . Memory (MB): peak = 1401.059 ; gain = 544.152

Starting Logic Optimization Task

Phase 1 Retarget
INFO: [Opt 31-138] Pushed 0 inverter(s) to 0 load pin(s).
INFO: [Opt 31-49] Retargeted 0 cell(s).
Phase 1 Retarget | Checksum: 17c9599d2

Time (s): cpu = 00:00:00 ; elapsed = 00:00:00.281 . Memory (MB): peak = 1545.586 ; gain = 0.000
INFO: [Opt 31-389] Phase Retarget created 6 cells and removed 74 cells

Phase 2 Constant propagation
INFO: [Opt 31-138] Pushed 0 inverter(s) to 0 load pin(s).
Phase 2 Constant propagation | Checksum: 17c9599d2

Time (s): cpu = 00:00:00 ; elapsed = 00:00:00.316 . Memory (MB): peak = 1545.586 ; gain = 0.000
INFO: [Opt 31-389] Phase Constant propagation created 0 cells and removed 0 cells

Phase 3 Sweep
Phase 3 Sweep | Checksum: 148c0ea06

Time (s): cpu = 00:00:01 ; elapsed = 00:00:01 . Memory (MB): peak = 1545.586 ; gain = 0.000
INFO: [Opt 31-389] Phase Sweep created 0 cells and removed 305 cells

Phase 4 BUFG optimization
Phase 4 BUFG optimization | Checksum: 148c0ea06

Time (s): cpu = 00:00:01 ; elapsed = 00:00:01 . Memory (MB): peak = 1545.586 ; gain = 0.000
INFO: [Opt 31-662] Phase BUFG optimization created 0 cells of which 0 are BUFGs and removed 0 cells.

Phase 5 Shift Register Optimization
INFO: [Opt 31-1064] SRL Remap converted 0 SRLs to 0 registers and converted 0 registers of register chains to 0 SRLs
Phase 5 Shift Register Optimization | Checksum: 148c0ea06

Time (s): cpu = 00:00:01 ; elapsed = 00:00:01 . Memory (MB): peak = 1545.586 ; gain = 0.000
INFO: [Opt 31-389] Phase Shift Register Optimization created 0 cells and removed 0 cells

Phase 6 Post Processing Netlist
Phase 6 Post Processing Netlist | Checksum: 148c0ea06

Time (s): cpu = 00:00:01 ; elapsed = 00:00:01 . Memory (MB): peak = 1545.586 ; gain = 0.000
INFO: [Opt 31-389] Phase Post Processing Netlist created 0 cells and removed 0 cells
Opt_design Change Summary
=========================


-------------------------------------------------------------------------------------------------------------------------
|  Phase                        |  #Cells created  |  #Cells Removed  |  #Constrained objects preventing optimizations  |
-------------------------------------------------------------------------------------------------------------------------
|  Retarget                     |               6  |              74  |                                              0  |
|  Constant propagation         |               0  |               0  |                                              0  |
|  Sweep                        |               0  |             305  |                                              0  |
|  BUFG optimization            |               0  |               0  |                                              0  |
|  Shift Register Optimization  |               0  |               0  |                                              0  |
|  Post Processing Netlist      |               0  |               0  |                                              0  |
-------------------------------------------------------------------------------------------------------------------------



Starting Connectivity Check Task

Time (s): cpu = 00:00:00 ; elapsed = 00:00:00.007 . Memory (MB): peak = 1545.586 ; gain = 0.000
Ending Logic Optimization Task | Checksum: 16d9fe75e

Time (s): cpu = 00:00:01 ; elapsed = 00:00:01 . Memory (MB): peak = 1545.586 ; gain = 0.000

Starting Power Optimization Task
INFO: [Pwropt 34-132] Skipping clock gating for clocks with a period < 2.00 ns.
Ending Power Optimization Task | Checksum: 16d9fe75e

Time (s): cpu = 00:00:00 ; elapsed = 00:00:00.011 . Memory (MB): peak = 1545.586 ; gain = 0.000

Starting Final Cleanup Task
Ending Final Cleanup Task | Checksum: 16d9fe75e

Time (s): cpu = 00:00:00 ; elapsed = 00:00:00 . Memory (MB): peak = 1545.586 ; gain = 0.000

Starting Netlist Obfuscation Task
Netlist sorting complete. Time (s): cpu = 00:00:00 ; elapsed = 00:00:00.001 . Memory (MB): peak = 1545.586 ; gain = 0.000
Ending Netlist Obfuscation Task | Checksum: 16d9fe75e

Time (s): cpu = 00:00:00 ; elapsed = 00:00:00.001 . Memory (MB): peak = 1545.586 ; gain = 0.000
INFO: [Common 17-83] Releasing license: Implementation
37 Infos, 100 Warnings, 101 Critical Warnings and 0 Errors encountered.
opt_design completed successfully
opt_design: Time (s): cpu = 00:00:16 ; elapsed = 00:00:16 . Memory (MB): peak = 1545.586 ; gain = 709.738
Netlist sorting complete. Time (s): cpu = 00:00:00 ; elapsed = 00:00:00.001 . Memory (MB): peak = 1545.586 ; gain = 0.000
INFO: [Timing 38-480] Writing timing data to binary archive.
Writing placer database...
Writing XDEF routing.
Writing XDEF routing logical nets.
Writing XDEF routing special nets.
Write XDEF Complete: Time (s): cpu = 00:00:00 ; elapsed = 00:00:00.097 . Memory (MB): peak = 1545.586 ; gain = 0.000
INFO: [Common 17-1381] The checkpoint 'D:/Extra_Projects/Zynq/Zynq_Basic_Task/Zynq_Basic_Task.runs/impl_1/Zynq_Interconnect_wrapper_opt.dcp' has been generated.
INFO: [runtcl-4] Executing : report_drc -file Zynq_Interconnect_wrapper_drc_opted.rpt -pb Zynq_Interconnect_wrapper_drc_opted.pb -rpx Zynq_Interconnect_wrapper_drc_opted.rpx
Command: report_drc -file Zynq_Interconnect_wrapper_drc_opted.rpt -pb Zynq_Interconnect_wrapper_drc_opted.pb -rpx Zynq_Interconnect_wrapper_drc_opted.rpx
INFO: [IP_Flow 19-1839] IP Catalog is up to date.
INFO: [DRC 23-27] Running DRC with 2 threads
INFO: [Coretcl 2-168] The results of DRC are in file D:/Extra_Projects/Zynq/Zynq_Basic_Task/Zynq_Basic_Task.runs/impl_1/Zynq_Interconnect_wrapper_drc_opted.rpt.
report_drc completed successfully
Command: place_design
Attempting to get a license for feature 'Implementation' and/or device 'xc7z020'
INFO: [Common 17-349] Got license for feature 'Implementation' and/or device 'xc7z020'
INFO: [DRC 23-27] Running DRC with 2 threads
INFO: [Vivado_Tcl 4-198] DRC finished with 0 Errors
INFO: [Vivado_Tcl 4-199] Please refer to the DRC report (report_drc) for more information.
Running DRC as a precondition to command place_design
INFO: [DRC 23-27] Running DRC with 2 threads
INFO: [Vivado_Tcl 4-198] DRC finished with 0 Errors
INFO: [Vivado_Tcl 4-199] Please refer to the DRC report (report_drc) for more information.

Starting Placer Task
INFO: [Place 30-611] Multithreading enabled for place_design using a maximum of 2 CPUs

Phase 1 Placer Initialization

Phase 1.1 Placer Initialization Netlist Sorting
Netlist sorting complete. Time (s): cpu = 00:00:00 ; elapsed = 00:00:00.002 . Memory (MB): peak = 1545.586 ; gain = 0.000
Phase 1.1 Placer Initialization Netlist Sorting | Checksum: 12cf1b4c5

Time (s): cpu = 00:00:00 ; elapsed = 00:00:00.009 . Memory (MB): peak = 1545.586 ; gain = 0.000
Netlist sorting complete. Time (s): cpu = 00:00:00 ; elapsed = 00:00:00.004 . Memory (MB): peak = 1545.586 ; gain = 0.000

Phase 1.2 IO Placement/ Clock Placement/ Build Placer Device
INFO: [Timing 38-35] Done setting XDC timing constraints.
Phase 1.2 IO Placement/ Clock Placement/ Build Placer Device | Checksum: ec771d9e

Time (s): cpu = 00:00:01 ; elapsed = 00:00:01 . Memory (MB): peak = 1545.586 ; gain = 0.000

Phase 1.3 Build Placer Netlist Model
Phase 1.3 Build Placer Netlist Model | Checksum: 215f660a6

Time (s): cpu = 00:00:02 ; elapsed = 00:00:02 . Memory (MB): peak = 1545.586 ; gain = 0.000

Phase 1.4 Constrain Clocks/Macros
Phase 1.4 Constrain Clocks/Macros | Checksum: 215f660a6

Time (s): cpu = 00:00:02 ; elapsed = 00:00:02 . Memory (MB): peak = 1545.586 ; gain = 0.000
Phase 1 Placer Initialization | Checksum: 215f660a6

Time (s): cpu = 00:00:02 ; elapsed = 00:00:02 . Memory (MB): peak = 1545.586 ; gain = 0.000

Phase 2 Global Placement

Phase 2.1 Floorplanning
Phase 2.1 Floorplanning | Checksum: 241efd5de

Time (s): cpu = 00:00:02 ; elapsed = 00:00:02 . Memory (MB): peak = 1545.586 ; gain = 0.000

Phase 2.2 Global Placement Core

Phase 2.2.1 Physical Synthesis In Placer
INFO: [Physopt 32-65] No nets found for high-fanout optimization.
INFO: [Physopt 32-232] Optimized 0 net. Created 0 new instance.
INFO: [Physopt 32-775] End 1 Pass. Optimized 0 net or cell. Created 0 new cell, deleted 0 existing cell and moved 0 existing cell
INFO: [Physopt 32-670] No setup violation found.  DSP Register Optimization was not performed.
INFO: [Physopt 32-670] No setup violation found.  Shift Register Optimization was not performed.
INFO: [Physopt 32-670] No setup violation found.  BRAM Register Optimization was not performed.
INFO: [Physopt 32-949] No candidate nets found for HD net replication
INFO: [Physopt 32-775] End 1 Pass. Optimized 0 net or cell. Created 0 new cell, deleted 0 existing cell and moved 0 existing cell
Netlist sorting complete. Time (s): cpu = 00:00:00 ; elapsed = 00:00:00.001 . Memory (MB): peak = 1545.586 ; gain = 0.000

Summary of Physical Synthesis Optimizations
============================================


----------------------------------------------------------------------------------------------------------------------------------------
|  Optimization                  |  Added Cells  |  Removed Cells  |  Optimized Cells/Nets  |  Dont Touch  |  Iterations  |  Elapsed   |
----------------------------------------------------------------------------------------------------------------------------------------
|  Very High Fanout              |            0  |              0  |                     0  |           0  |           1  |  00:00:00  |
|  DSP Register                  |            0  |              0  |                     0  |           0  |           0  |  00:00:00  |
|  Shift Register                |            0  |              0  |                     0  |           0  |           0  |  00:00:00  |
|  BRAM Register                 |            0  |              0  |                     0  |           0  |           0  |  00:00:00  |
|  HD Interface Net Replication  |            0  |              0  |                     0  |           0  |           1  |  00:00:00  |
|  Total                         |            0  |              0  |                     0  |           0  |           2  |  00:00:00  |
----------------------------------------------------------------------------------------------------------------------------------------


Phase 2.2.1 Physical Synthesis In Placer | Checksum: 1c1487c20

Time (s): cpu = 00:00:08 ; elapsed = 00:00:05 . Memory (MB): peak = 1545.586 ; gain = 0.000
Phase 2.2 Global Placement Core | Checksum: 228d0ac4b

Time (s): cpu = 00:00:08 ; elapsed = 00:00:05 . Memory (MB): peak = 1545.586 ; gain = 0.000
Phase 2 Global Placement | Checksum: 228d0ac4b

Time (s): cpu = 00:00:08 ; elapsed = 00:00:05 . Memory (MB): peak = 1545.586 ; gain = 0.000

Phase 3 Detail Placement

Phase 3.1 Commit Multi Column Macros
Phase 3.1 Commit Multi Column Macros | Checksum: 16f2234b8

Time (s): cpu = 00:00:08 ; elapsed = 00:00:05 . Memory (MB): peak = 1545.586 ; gain = 0.000

Phase 3.2 Commit Most Macros & LUTRAMs
Phase 3.2 Commit Most Macros & LUTRAMs | Checksum: 180673b9a

Time (s): cpu = 00:00:09 ; elapsed = 00:00:06 . Memory (MB): peak = 1545.586 ; gain = 0.000

Phase 3.3 Area Swap Optimization
Phase 3.3 Area Swap Optimization | Checksum: 156d35ce7

Time (s): cpu = 00:00:09 ; elapsed = 00:00:06 . Memory (MB): peak = 1545.586 ; gain = 0.000

Phase 3.4 Pipeline Register Optimization
Phase 3.4 Pipeline Register Optimization | Checksum: 17466495c

Time (s): cpu = 00:00:09 ; elapsed = 00:00:06 . Memory (MB): peak = 1545.586 ; gain = 0.000

Phase 3.5 Small Shape Detail Placement
Phase 3.5 Small Shape Detail Placement | Checksum: 249c8bbb9

Time (s): cpu = 00:00:10 ; elapsed = 00:00:07 . Memory (MB): peak = 1545.586 ; gain = 0.000

Phase 3.6 Re-assign LUT pins
Phase 3.6 Re-assign LUT pins | Checksum: 1de08f843

Time (s): cpu = 00:00:10 ; elapsed = 00:00:07 . Memory (MB): peak = 1545.586 ; gain = 0.000

Phase 3.7 Pipeline Register Optimization
Phase 3.7 Pipeline Register Optimization | Checksum: fbdc00d0

Time (s): cpu = 00:00:10 ; elapsed = 00:00:07 . Memory (MB): peak = 1545.586 ; gain = 0.000
Phase 3 Detail Placement | Checksum: fbdc00d0

Time (s): cpu = 00:00:10 ; elapsed = 00:00:07 . Memory (MB): peak = 1545.586 ; gain = 0.000

Phase 4 Post Placement Optimization and Clean-Up

Phase 4.1 Post Commit Optimization
INFO: [Timing 38-35] Done setting XDC timing constraints.

Phase 4.1.1 Post Placement Optimization
Post Placement Optimization Initialization | Checksum: 188d554bb

Phase 4.1.1.1 BUFG Insertion
INFO: [Place 46-56] BUFG insertion identified 0 candidate nets. Inserted BUFG: 0, Replicated BUFG Driver: 0, Skipped due to Placement/Routing Conflicts: 0, Skipped due to Timing Degradation: 0, Skipped due to Illegal Netlist: 0.
Phase 4.1.1.1 BUFG Insertion | Checksum: 188d554bb

Time (s): cpu = 00:00:11 ; elapsed = 00:00:07 . Memory (MB): peak = 1558.047 ; gain = 12.461
INFO: [Place 30-746] Post Placement Timing Summary WNS=14.702. For the most accurate timing information please run report_timing.
Phase 4.1.1 Post Placement Optimization | Checksum: 13784ed2d

Time (s): cpu = 00:00:11 ; elapsed = 00:00:07 . Memory (MB): peak = 1558.047 ; gain = 12.461
Phase 4.1 Post Commit Optimization | Checksum: 13784ed2d

Time (s): cpu = 00:00:11 ; elapsed = 00:00:08 . Memory (MB): peak = 1558.047 ; gain = 12.461

Phase 4.2 Post Placement Cleanup
Phase 4.2 Post Placement Cleanup | Checksum: 13784ed2d

Time (s): cpu = 00:00:11 ; elapsed = 00:00:08 . Memory (MB): peak = 1558.047 ; gain = 12.461

Phase 4.3 Placer Reporting
Phase 4.3 Placer Reporting | Checksum: 13784ed2d

Time (s): cpu = 00:00:11 ; elapsed = 00:00:08 . Memory (MB): peak = 1558.047 ; gain = 12.461

Phase 4.4 Final Placement Cleanup
Netlist sorting complete. Time (s): cpu = 00:00:00 ; elapsed = 00:00:00.001 . Memory (MB): peak = 1558.047 ; gain = 0.000
Phase 4.4 Final Placement Cleanup | Checksum: 1b9308399

Time (s): cpu = 00:00:11 ; elapsed = 00:00:08 . Memory (MB): peak = 1558.047 ; gain = 12.461
Phase 4 Post Placement Optimization and Clean-Up | Checksum: 1b9308399

Time (s): cpu = 00:00:11 ; elapsed = 00:00:08 . Memory (MB): peak = 1558.047 ; gain = 12.461
Ending Placer Task | Checksum: 10ff121e7

Time (s): cpu = 00:00:11 ; elapsed = 00:00:08 . Memory (MB): peak = 1558.047 ; gain = 12.461
INFO: [Common 17-83] Releasing license: Implementation
64 Infos, 100 Warnings, 101 Critical Warnings and 0 Errors encountered.
place_design completed successfully
place_design: Time (s): cpu = 00:00:13 ; elapsed = 00:00:09 . Memory (MB): peak = 1558.047 ; gain = 12.461
Netlist sorting complete. Time (s): cpu = 00:00:00 ; elapsed = 00:00:00.001 . Memory (MB): peak = 1558.047 ; gain = 0.000
INFO: [Timing 38-480] Writing timing data to binary archive.
Writing placer database...
Writing XDEF routing.
Writing XDEF routing logical nets.
Writing XDEF routing special nets.
Write XDEF Complete: Time (s): cpu = 00:00:01 ; elapsed = 00:00:00.337 . Memory (MB): peak = 1559.055 ; gain = 1.008
INFO: [Common 17-1381] The checkpoint 'D:/Extra_Projects/Zynq/Zynq_Basic_Task/Zynq_Basic_Task.runs/impl_1/Zynq_Interconnect_wrapper_placed.dcp' has been generated.
INFO: [runtcl-4] Executing : report_io -file Zynq_Interconnect_wrapper_io_placed.rpt
report_io: Time (s): cpu = 00:00:00 ; elapsed = 00:00:00.069 . Memory (MB): peak = 1559.055 ; gain = 0.000
INFO: [runtcl-4] Executing : report_utilization -file Zynq_Interconnect_wrapper_utilization_placed.rpt -pb Zynq_Interconnect_wrapper_utilization_placed.pb
INFO: [runtcl-4] Executing : report_control_sets -verbose -file Zynq_Interconnect_wrapper_control_sets_placed.rpt
report_control_sets: Time (s): cpu = 00:00:00 ; elapsed = 00:00:00.084 . Memory (MB): peak = 1559.055 ; gain = 0.000
Command: route_design
Attempting to get a license for feature 'Implementation' and/or device 'xc7z020'
INFO: [Common 17-349] Got license for feature 'Implementation' and/or device 'xc7z020'
Running DRC as a precondition to command route_design
INFO: [DRC 23-27] Running DRC with 2 threads
INFO: [Vivado_Tcl 4-198] DRC finished with 0 Errors
INFO: [Vivado_Tcl 4-199] Please refer to the DRC report (report_drc) for more information.


Starting Routing Task
INFO: [Route 35-254] Multithreading enabled for route_design using a maximum of 2 CPUs
Checksum: PlaceDB: 7b63d853 ConstDB: 0 ShapeSum: 948d4994 RouteDB: 0

Phase 1 Build RT Design
Phase 1 Build RT Design | Checksum: a44111fc

Time (s): cpu = 00:00:33 ; elapsed = 00:00:30 . Memory (MB): peak = 1671.273 ; gain = 102.199
Post Restoration Checksum: NetGraph: 5ae5aa55 NumContArr: 495b67a7 Constraints: 0 Timing: 0

Phase 2 Router Initialization

Phase 2.1 Create Timer
Phase 2.1 Create Timer | Checksum: a44111fc

Time (s): cpu = 00:00:33 ; elapsed = 00:00:30 . Memory (MB): peak = 1701.570 ; gain = 132.496

Phase 2.2 Fix Topology Constraints
Phase 2.2 Fix Topology Constraints | Checksum: a44111fc

Time (s): cpu = 00:00:33 ; elapsed = 00:00:30 . Memory (MB): peak = 1709.062 ; gain = 139.988

Phase 2.3 Pre Route Cleanup
Phase 2.3 Pre Route Cleanup | Checksum: a44111fc

Time (s): cpu = 00:00:33 ; elapsed = 00:00:30 . Memory (MB): peak = 1709.062 ; gain = 139.988
 Number of Nodes with overlaps = 0

Phase 2.4 Update Timing
Phase 2.4 Update Timing | Checksum: 77a05ad2

Time (s): cpu = 00:00:34 ; elapsed = 00:00:31 . Memory (MB): peak = 1731.133 ; gain = 162.059
INFO: [Route 35-416] Intermediate Timing Summary | WNS=14.695 | TNS=0.000  | WHS=-0.260 | THS=-55.071|

Phase 2 Router Initialization | Checksum: f116194d

Time (s): cpu = 00:00:35 ; elapsed = 00:00:31 . Memory (MB): peak = 1731.133 ; gain = 162.059

Router Utilization Summary
  Global Vertical Routing Utilization    = 0 %
  Global Horizontal Routing Utilization  = 0 %
  Routable Net Status*
  *Does not include unroutable nets such as driverless and loadless.
  Run report_route_status for detailed report.
  Number of Failed Nets               = 2327
    (Failed Nets is the sum of unrouted and partially routed nets)
  Number of Unrouted Nets             = 2327
  Number of Partially Routed Nets     = 0
  Number of Node Overlaps             = 0


Phase 3 Initial Routing
Phase 3 Initial Routing | Checksum: 217e37e02

Time (s): cpu = 00:00:35 ; elapsed = 00:00:31 . Memory (MB): peak = 1731.133 ; gain = 162.059

Phase 4 Rip-up And Reroute

Phase 4.1 Global Iteration 0
 Number of Nodes with overlaps = 133
 Number of Nodes with overlaps = 1
 Number of Nodes with overlaps = 0
INFO: [Route 35-416] Intermediate Timing Summary | WNS=13.700 | TNS=0.000  | WHS=N/A    | THS=N/A    |

Phase 4.1 Global Iteration 0 | Checksum: 1e1e64e38

Time (s): cpu = 00:00:36 ; elapsed = 00:00:32 . Memory (MB): peak = 1731.133 ; gain = 162.059
Phase 4 Rip-up And Reroute | Checksum: 1e1e64e38

Time (s): cpu = 00:00:36 ; elapsed = 00:00:32 . Memory (MB): peak = 1731.133 ; gain = 162.059

Phase 5 Delay and Skew Optimization

Phase 5.1 Delay CleanUp
Phase 5.1 Delay CleanUp | Checksum: 1e1e64e38

Time (s): cpu = 00:00:36 ; elapsed = 00:00:32 . Memory (MB): peak = 1731.133 ; gain = 162.059

Phase 5.2 Clock Skew Optimization
Phase 5.2 Clock Skew Optimization | Checksum: 1e1e64e38

Time (s): cpu = 00:00:36 ; elapsed = 00:00:32 . Memory (MB): peak = 1731.133 ; gain = 162.059
Phase 5 Delay and Skew Optimization | Checksum: 1e1e64e38

Time (s): cpu = 00:00:36 ; elapsed = 00:00:32 . Memory (MB): peak = 1731.133 ; gain = 162.059

Phase 6 Post Hold Fix

Phase 6.1 Hold Fix Iter

Phase 6.1.1 Update Timing
Phase 6.1.1 Update Timing | Checksum: 175a76e6b

Time (s): cpu = 00:00:36 ; elapsed = 00:00:32 . Memory (MB): peak = 1731.133 ; gain = 162.059
INFO: [Route 35-416] Intermediate Timing Summary | WNS=13.796 | TNS=0.000  | WHS=0.042  | THS=0.000  |

Phase 6.1 Hold Fix Iter | Checksum: 177893536

Time (s): cpu = 00:00:36 ; elapsed = 00:00:32 . Memory (MB): peak = 1731.133 ; gain = 162.059
Phase 6 Post Hold Fix | Checksum: 177893536

Time (s): cpu = 00:00:36 ; elapsed = 00:00:32 . Memory (MB): peak = 1731.133 ; gain = 162.059

Phase 7 Route finalize

Router Utilization Summary
  Global Vertical Routing Utilization    = 0.267319 %
  Global Horizontal Routing Utilization  = 0.368239 %
  Routable Net Status*
  *Does not include unroutable nets such as driverless and loadless.
  Run report_route_status for detailed report.
  Number of Failed Nets               = 0
    (Failed Nets is the sum of unrouted and partially routed nets)
  Number of Unrouted Nets             = 0
  Number of Partially Routed Nets     = 0
  Number of Node Overlaps             = 0

Phase 7 Route finalize | Checksum: 1d6a7cd73

Time (s): cpu = 00:00:36 ; elapsed = 00:00:32 . Memory (MB): peak = 1731.133 ; gain = 162.059

Phase 8 Verifying routed nets

 Verification completed successfully
Phase 8 Verifying routed nets | Checksum: 1d6a7cd73

Time (s): cpu = 00:00:36 ; elapsed = 00:00:32 . Memory (MB): peak = 1731.133 ; gain = 162.059

Phase 9 Depositing Routes
Phase 9 Depositing Routes | Checksum: 1ff1f5d68

Time (s): cpu = 00:00:37 ; elapsed = 00:00:33 . Memory (MB): peak = 1731.133 ; gain = 162.059

Phase 10 Post Router Timing
INFO: [Route 35-57] Estimated Timing Summary | WNS=13.796 | TNS=0.000  | WHS=0.042  | THS=0.000  |

INFO: [Route 35-327] The final timing numbers are based on the router estimated timing analysis. For a complete and accurate timing signoff, please run report_timing_summary.
Phase 10 Post Router Timing | Checksum: 1ff1f5d68

Time (s): cpu = 00:00:37 ; elapsed = 00:00:33 . Memory (MB): peak = 1731.133 ; gain = 162.059
INFO: [Route 35-16] Router Completed Successfully

Time (s): cpu = 00:00:37 ; elapsed = 00:00:33 . Memory (MB): peak = 1731.133 ; gain = 162.059

Routing Is Done.
INFO: [Common 17-83] Releasing license: Implementation
81 Infos, 100 Warnings, 101 Critical Warnings and 0 Errors encountered.
route_design completed successfully
route_design: Time (s): cpu = 00:00:40 ; elapsed = 00:00:34 . Memory (MB): peak = 1731.133 ; gain = 172.078
Netlist sorting complete. Time (s): cpu = 00:00:00 ; elapsed = 00:00:00.004 . Memory (MB): peak = 1731.133 ; gain = 0.000
INFO: [Timing 38-480] Writing timing data to binary archive.
Writing placer database...
Writing XDEF routing.
Writing XDEF routing logical nets.
Writing XDEF routing special nets.
Write XDEF Complete: Time (s): cpu = 00:00:01 ; elapsed = 00:00:00.393 . Memory (MB): peak = 1738.523 ; gain = 7.391
INFO: [Common 17-1381] The checkpoint 'D:/Extra_Projects/Zynq/Zynq_Basic_Task/Zynq_Basic_Task.runs/impl_1/Zynq_Interconnect_wrapper_routed.dcp' has been generated.
INFO: [runtcl-4] Executing : report_drc -file Zynq_Interconnect_wrapper_drc_routed.rpt -pb Zynq_Interconnect_wrapper_drc_routed.pb -rpx Zynq_Interconnect_wrapper_drc_routed.rpx
Command: report_drc -file Zynq_Interconnect_wrapper_drc_routed.rpt -pb Zynq_Interconnect_wrapper_drc_routed.pb -rpx Zynq_Interconnect_wrapper_drc_routed.rpx
INFO: [IP_Flow 19-1839] IP Catalog is up to date.
INFO: [DRC 23-27] Running DRC with 2 threads
INFO: [Coretcl 2-168] The results of DRC are in file D:/Extra_Projects/Zynq/Zynq_Basic_Task/Zynq_Basic_Task.runs/impl_1/Zynq_Interconnect_wrapper_drc_routed.rpt.
report_drc completed successfully
INFO: [runtcl-4] Executing : report_methodology -file Zynq_Interconnect_wrapper_methodology_drc_routed.rpt -pb Zynq_Interconnect_wrapper_methodology_drc_routed.pb -rpx Zynq_Interconnect_wrapper_methodology_drc_routed.rpx
Command: report_methodology -file Zynq_Interconnect_wrapper_methodology_drc_routed.rpt -pb Zynq_Interconnect_wrapper_methodology_drc_routed.pb -rpx Zynq_Interconnect_wrapper_methodology_drc_routed.rpx
INFO: [Timing 38-35] Done setting XDC timing constraints.
INFO: [DRC 23-133] Running Methodology with 2 threads
INFO: [Coretcl 2-1520] The results of Report Methodology are in file D:/Extra_Projects/Zynq/Zynq_Basic_Task/Zynq_Basic_Task.runs/impl_1/Zynq_Interconnect_wrapper_methodology_drc_routed.rpt.
report_methodology completed successfully
INFO: [runtcl-4] Executing : report_power -file Zynq_Interconnect_wrapper_power_routed.rpt -pb Zynq_Interconnect_wrapper_power_summary_routed.pb -rpx Zynq_Interconnect_wrapper_power_routed.rpx
Command: report_power -file Zynq_Interconnect_wrapper_power_routed.rpt -pb Zynq_Interconnect_wrapper_power_summary_routed.pb -rpx Zynq_Interconnect_wrapper_power_routed.rpx
INFO: [Timing 38-35] Done setting XDC timing constraints.
Running Vector-less Activity Propagation...

Finished Running Vector-less Activity Propagation
93 Infos, 100 Warnings, 101 Critical Warnings and 0 Errors encountered.
report_power completed successfully
INFO: [runtcl-4] Executing : report_route_status -file Zynq_Interconnect_wrapper_route_status.rpt -pb Zynq_Interconnect_wrapper_route_status.pb
INFO: [runtcl-4] Executing : report_timing_summary -max_paths 10 -file Zynq_Interconnect_wrapper_timing_summary_routed.rpt -pb Zynq_Interconnect_wrapper_timing_summary_routed.pb -rpx Zynq_Interconnect_wrapper_timing_summary_routed.rpx -warn_on_violation 
INFO: [Timing 38-91] UpdateTimingParams: Speed grade: -2, Delay Type: min_max.
INFO: [Timing 38-191] Multithreading enabled for timing update using a maximum of 2 CPUs
INFO: [runtcl-4] Executing : report_incremental_reuse -file Zynq_Interconnect_wrapper_incremental_reuse_routed.rpt
INFO: [Vivado_Tcl 4-1062] Incremental flow is disabled. No incremental reuse Info to report.
INFO: [runtcl-4] Executing : report_clock_utilization -file Zynq_Interconnect_wrapper_clock_utilization_routed.rpt
INFO: [runtcl-4] Executing : report_bus_skew -warn_on_violation -file Zynq_Interconnect_wrapper_bus_skew_routed.rpt -pb Zynq_Interconnect_wrapper_bus_skew_routed.pb -rpx Zynq_Interconnect_wrapper_bus_skew_routed.rpx
INFO: [Timing 38-91] UpdateTimingParams: Speed grade: -2, Delay Type: min_max.
INFO: [Timing 38-191] Multithreading enabled for timing update using a maximum of 2 CPUs
Command: write_bitstream -force Zynq_Interconnect_wrapper.bit
Attempting to get a license for feature 'Implementation' and/or device 'xc7z020'
INFO: [Common 17-349] Got license for feature 'Implementation' and/or device 'xc7z020'
Running DRC as a precondition to command write_bitstream
INFO: [IP_Flow 19-1839] IP Catalog is up to date.
INFO: [DRC 23-27] Running DRC with 2 threads
ERROR: [DRC UCIO-1] Unconstrained Logical Port: 1 out of 132 logical ports have no user assigned specific location constraint (LOC). This may cause I/O contention or incompatibility with the board power or connectivity affecting performance, signal integrity or in extreme cases cause damage to the device or the components to which it is connected. To correct this violation, specify all pin locations. This design will fail to generate a bitstream unless all logical ports have a user specified site LOC constraint defined.  To allow bitstream creation with unspecified pin locations (not recommended), use this command: set_property SEVERITY {Warning} [get_drc_checks UCIO-1].  NOTE: When using the Vivado Runs infrastructure (e.g. launch_runs Tcl command), add this command to a .tcl file and add that file as a pre-hook for write_bitstream step for the implementation run.  Problem ports: LED[0].
INFO: [Vivado 12-3199] DRC finished with 1 Errors
INFO: [Vivado 12-3200] Please refer to the DRC report (report_drc) for more information.
ERROR: [Vivado 12-1345] Error(s) found during DRC. Bitgen not run.
INFO: [Common 17-83] Releasing license: Implementation
109 Infos, 100 Warnings, 101 Critical Warnings and 2 Errors encountered.
write_bitstream failed
ERROR: [Common 17-39] 'write_bitstream' failed due to earlier errors.

INFO: [Common 17-206] Exiting Vivado at Tue Nov 26 20:15:56 2024...
