Running: fuse.exe -relaunch -intstyle "ise" -incremental -lib "secureip" -o "D:/Extra_Projects/Dice_Game/Dice_Game/tb_top_isim_beh.exe" -prj "D:/Extra_Projects/Dice_Game/Dice_Game/tb_top_beh.prj" "work.tb_top" 
ISim P.20131013 (signature 0x7708f090)
Number of CPUs detected in this system: 8
Turning on mult-threading, number of parallel sub-compilation jobs: 16 
Determining compilation order of HDL files
Parsing VHDL file "D:/Extra_Projects/Dice_Game/Dice_Game/Test_Logic.vhd" into library work
Parsing VHDL file "D:/Extra_Projects/Dice_Game/Dice_Game/point_register.vhd" into library work
Parsing VHDL file "D:/Extra_Projects/Dice_Game/Dice_Game/onetosix_counter.vhd" into library work
Parsing VHDL file "D:/Extra_Projects/Dice_Game/Dice_Game/edge_detector.vhd" into library work
Parsing VHDL file "D:/Extra_Projects/Dice_Game/Dice_Game/Control.vhd" into library work
Parsing VHDL file "D:/Extra_Projects/Dice_Game/Dice_Game/comparator.vhd" into library work
Parsing VHDL file "D:/Extra_Projects/Dice_Game/Dice_Game/clock_divider.vhd" into library work
Parsing VHDL file "D:/Extra_Projects/Dice_Game/Dice_Game/bcdto7seg.vhd" into library work
Parsing VHDL file "D:/Extra_Projects/Dice_Game/Dice_Game/Adder.vhd" into library work
Parsing VHDL file "D:/Extra_Projects/Dice_Game/Dice_Game/top.vhd" into library work
Parsing VHDL file "D:/Extra_Projects/Dice_Game/Dice_Game/tb_top.vhd" into library work
Starting static elaboration
Completed static elaboration
Compiling package standard
Compiling package std_logic_1164
Compiling package numeric_std
Compiling package std_logic_arith
Compiling package std_logic_unsigned
Compiling architecture behavioral of entity Edge_Detector [edge_detector_default]
Compiling architecture behavioral of entity Control [control_default]
Compiling architecture behavioral of entity onetosix_counter [onetosix_counter_default]
Compiling architecture behavioral of entity clock_divider [\clock_divider(100000000,5000000...]
Compiling architecture behavioral of entity Adder [adder_default]
Compiling architecture behavioral of entity point_register [point_register_default]
Compiling architecture behavioral of entity comparator [comparator_default]
Compiling architecture behavioral of entity Test_Logic [test_logic_default]
Compiling architecture behavioral of entity bcdto7seg [bcdto7seg_default]
Compiling architecture behavioral of entity top [top_default]
Compiling architecture behavioral of entity tb_top
Time Resolution for simulation is 1ps.
Waiting for 1 sub-compilation(s) to finish...
WARNING:Simulator - Unable to copy libPortabilityNOSH.dll to the simulation executable directory: boost::filesystem::copy_file: The system cannot find the path specified, "isim\tb_top_isim_beh.exe.sim\libPortability.dll".
Compiled 26 VHDL Units
Built simulation executable D:/Extra_Projects/Dice_Game/Dice_Game/tb_top_isim_beh.exe
Fuse Memory Usage: 38408 KB
Fuse CPU Usage: 593 ms
